This file contains any messages produced by compilers while
running configure, to aid debugging if configure makes a mistake.

It was created by libpng configure 1.6.34, which was
generated by GNU Autoconf 2.69.  Invocation command line was

  $ ./configure --disable-option-checking --prefix=/usr/local --cache-file=/dev/null --srcdir=.

## --------- ##
## Platform. ##
## --------- ##

hostname = quartz380
uname -m = x86_64
uname -r = 3.10.0-957.12.2.1chaos.ch6.x86_64
uname -s = Linux
uname -v = #1 SMP Tue May 14 18:38:00 PDT 2019

/usr/bin/uname -p = x86_64
/bin/uname -X     = unknown

/bin/arch              = x86_64
/usr/bin/arch -k       = unknown
/usr/convex/getsysinfo = unknown
/usr/bin/hostinfo      = unknown
/bin/machine           = unknown
/usr/bin/oslevel       = unknown
/bin/universe          = unknown

PATH: /usr/tce/packages/texlive/texlive-2016/2016/bin/x86_64-linux
PATH: /usr/tce/packages/mvapich2/mvapich2-2.3-intel-18.0.1/bin
PATH: /usr/tce/packages/intel/intel-18.0.1/bin
PATH: /usr/tce/bin
PATH: /usr/lib64/qt-3.3/bin
PATH: /usr/local/bin
PATH: /usr/bin
PATH: /usr/local/sbin
PATH: /usr/sbin
PATH: .


## ----------- ##
## Core tests. ##
## ----------- ##

configure:2358: checking for a BSD-compatible install
configure:2426: result: /usr/bin/install -c
configure:2437: checking whether build environment is sane
configure:2492: result: yes
configure:2643: checking for a thread-safe mkdir -p
configure:2682: result: /usr/bin/mkdir -p
configure:2689: checking for gawk
configure:2705: found /usr/bin/gawk
configure:2716: result: gawk
configure:2727: checking whether make sets $(MAKE)
configure:2749: result: yes
configure:2778: checking whether make supports nested variables
configure:2795: result: yes
configure:2883: checking whether to enable maintainer-specific portions of Makefiles
configure:2892: result: no
configure:2972: checking for gcc
configure:2988: found /usr/tce/bin/gcc
configure:2999: result: gcc
configure:3228: checking for C compiler version
configure:3237: gcc --version >&5
gcc (GCC) 4.9.3
Copyright (C) 2015 Free Software Foundation, Inc.
This is free software; see the source for copying conditions.  There is NO
warranty; not even for MERCHANTABILITY or FITNESS FOR A PARTICULAR PURPOSE.

configure:3248: $? = 0
configure:3237: gcc -v >&5
Reading specs from /usr/tce/packages/gcc/gcc-4.9.3/lib64/gcc/x86_64-unknown-linux-gnu/4.9.3/specs
COLLECT_GCC=/usr/tce/packages/gcc/gcc-4.9.3/bin/gcc
COLLECT_LTO_WRAPPER=/usr/tce/packages/gcc/gcc-4.9.3/libexec/gcc/x86_64-unknown-linux-gnu/4.9.3/lto-wrapper
Target: x86_64-unknown-linux-gnu
Configured with: /builddir/build/BUILD/gccspack/spack/var/spack/stage/gcc-4.9.3-34vmmvov5ct2riknhkfcmxieffb5pyex/gcc-4.9.3/configure --prefix=/usr/tce/packages/gcc/gcc-4.9.3 --libdir=/usr/tce/packages/gcc/gcc-4.9.3/lib64 --disable-multilib --enable-languages=c,java,c++,fortran,objc,go --with-mpc=/builddir/build/BUILD/gccspack/spack/opt/spack/linux-redhat7-x86_64/gcc-4.8.5/mpc-1.0.3-hj3ado6aurkkeiulr7fabqov7dh5nomf --with-mpfr=/builddir/build/BUILD/gccspack/spack/opt/spack/linux-redhat7-x86_64/gcc-4.8.5/mpfr-3.1.4-btpsymgkcfsazkot7mksiiaiqi56q3iz --with-gmp=/builddir/build/BUILD/gccspack/spack/opt/spack/linux-redhat7-x86_64/gcc-4.8.5/gmp-6.1.0-rdkrxbnzwlletmtlntg4vbxhc24zspva --enable-lto --with-quad
Thread model: posix
gcc version 4.9.3 (GCC) 
configure:3248: $? = 0
configure:3237: gcc -V >&5
gcc: error: unrecognized command line option '-V'
gcc: fatal error: no input files
compilation terminated.
configure:3248: $? = 1
configure:3237: gcc -qversion >&5
gcc: error: unrecognized command line option '-qversion'
gcc: fatal error: no input files
compilation terminated.
configure:3248: $? = 1
configure:3268: checking whether the C compiler works
configure:3290: gcc    conftest.c  >&5
configure:3294: $? = 0
configure:3342: result: yes
configure:3345: checking for C compiler default output file name
configure:3347: result: a.out
configure:3353: checking for suffix of executables
configure:3360: gcc -o conftest    conftest.c  >&5
configure:3364: $? = 0
configure:3386: result: 
configure:3408: checking whether we are cross compiling
configure:3416: gcc -o conftest    conftest.c  >&5
configure:3420: $? = 0
configure:3427: ./conftest
configure:3431: $? = 0
configure:3446: result: no
configure:3451: checking for suffix of object files
configure:3473: gcc -c   conftest.c >&5
configure:3477: $? = 0
configure:3498: result: o
configure:3502: checking whether we are using the GNU C compiler
configure:3521: gcc -c   conftest.c >&5
configure:3521: $? = 0
configure:3530: result: yes
configure:3539: checking whether gcc accepts -g
configure:3559: gcc -c -g  conftest.c >&5
configure:3559: $? = 0
configure:3600: result: yes
configure:3617: checking for gcc option to accept ISO C89
configure:3680: gcc  -c -g -O2  conftest.c >&5
configure:3680: $? = 0
configure:3693: result: none needed
configure:3724: checking for style of include used by make
configure:3752: result: GNU
configure:3778: checking dependency style of gcc
configure:3889: result: gcc3
configure:3913: checking dependency style of gcc
configure:4022: result: gcc3
configure:4041: checking build system type
configure:4055: result: x86_64-unknown-linux-gnu
configure:4075: checking host system type
configure:4088: result: x86_64-unknown-linux-gnu
configure:4108: checking for a sed that does not truncate output
configure:4172: result: /usr/bin/sed
configure:4190: checking for grep that handles long lines and -e
configure:4248: result: /usr/bin/grep
configure:4253: checking for egrep
configure:4315: result: /usr/bin/grep -E
configure:4320: checking for fgrep
configure:4382: result: /usr/bin/grep -F
configure:4409: checking how to print strings
configure:4436: result: printf
configure:4469: checking for ld used by gcc
configure:4536: result: /usr/tce/bin/ld
configure:4543: checking if the linker (/usr/tce/bin/ld) is GNU ld
configure:4558: result: yes
configure:4575: checking how to run the C preprocessor
configure:4606: gcc -E  conftest.c
configure:4606: $? = 0
configure:4620: gcc -E  conftest.c
conftest.c:11:28: fatal error: ac_nonexistent.h: No such file or directory
 #include <ac_nonexistent.h>
                            ^
compilation terminated.
configure:4620: $? = 1
configure: failed program was:
| /* confdefs.h */
| #define PACKAGE_NAME "libpng"
| #define PACKAGE_TARNAME "libpng"
| #define PACKAGE_VERSION "1.6.34"
| #define PACKAGE_STRING "libpng 1.6.34"
| #define PACKAGE_BUGREPORT "png-mng-implement@lists.sourceforge.net"
| #define PACKAGE_URL ""
| #define PACKAGE "libpng"
| #define VERSION "1.6.34"
| /* end confdefs.h.  */
| #include <ac_nonexistent.h>
configure:4645: result: gcc -E
configure:4665: gcc -E  conftest.c
configure:4665: $? = 0
configure:4679: gcc -E  conftest.c
conftest.c:11:28: fatal error: ac_nonexistent.h: No such file or directory
 #include <ac_nonexistent.h>
                            ^
compilation terminated.
configure:4679: $? = 1
configure: failed program was:
| /* confdefs.h */
| #define PACKAGE_NAME "libpng"
| #define PACKAGE_TARNAME "libpng"
| #define PACKAGE_VERSION "1.6.34"
| #define PACKAGE_STRING "libpng 1.6.34"
| #define PACKAGE_BUGREPORT "png-mng-implement@lists.sourceforge.net"
| #define PACKAGE_URL ""
| #define PACKAGE "libpng"
| #define VERSION "1.6.34"
| /* end confdefs.h.  */
| #include <ac_nonexistent.h>
configure:4711: checking for gawk
configure:4738: result: gawk
configure:4750: checking whether ln -s works
configure:4754: result: yes
configure:4761: checking whether make sets $(MAKE)
configure:4783: result: yes
configure:4835: checking for BSD- or MS-compatible name lister (nm)
configure:4889: result: /usr/bin/nm -B
configure:5019: checking the name lister (/usr/bin/nm -B) interface
configure:5026: gcc -c -g -O2  conftest.c >&5
configure:5029: /usr/bin/nm -B "conftest.o"
configure:5032: output
0000000000000000 B some_variable
configure:5039: result: BSD nm
configure:5043: checking the maximum length of command line arguments
configure:5174: result: 3458764513820540925
configure:5222: checking how to convert x86_64-unknown-linux-gnu file names to x86_64-unknown-linux-gnu format
configure:5262: result: func_convert_file_noop
configure:5269: checking how to convert x86_64-unknown-linux-gnu file names to toolchain format
configure:5289: result: func_convert_file_noop
configure:5296: checking for /usr/tce/bin/ld option to reload object files
configure:5303: result: -r
configure:5377: checking for objdump
configure:5393: found /usr/bin/objdump
configure:5404: result: objdump
configure:5433: checking how to recognize dependent libraries
configure:5633: result: pass_all
configure:5718: checking for dlltool
configure:5748: result: no
configure:5775: checking how to associate runtime and link libraries
configure:5802: result: printf %s\n
configure:5863: checking for ar
configure:5879: found /usr/bin/ar
configure:5890: result: ar
configure:5927: checking for archiver @FILE support
configure:5944: gcc -c -g -O2  conftest.c >&5
configure:5944: $? = 0
configure:5947: ar cru libconftest.a @conftest.lst >&5
configure:5950: $? = 0
configure:5955: ar cru libconftest.a @conftest.lst >&5
ar: conftest.o: No such file or directory
configure:5958: $? = 1
configure:5970: result: @
configure:6028: checking for strip
configure:6044: found /usr/bin/strip
configure:6055: result: strip
configure:6127: checking for ranlib
configure:6143: found /usr/bin/ranlib
configure:6154: result: ranlib
configure:6256: checking command to parse /usr/bin/nm -B output from gcc object
configure:6409: gcc -c -g -O2  conftest.c >&5
configure:6412: $? = 0
configure:6416: /usr/bin/nm -B conftest.o \| sed -n -e 's/^.*[ ]\([ABCDGIRSTW][ABCDGIRSTW]*\)[ ][ ]*\([_A-Za-z][_A-Za-z0-9]*\)$/\1 \2 \2/p' | sed '/ __gnu_lto/d' \> conftest.nm
configure:6419: $? = 0
configure:6485: gcc -o conftest -g -O2   conftest.c conftstm.o >&5
configure:6488: $? = 0
configure:6526: result: ok
configure:6573: checking for sysroot
configure:6603: result: no
configure:6610: checking for a working dd
configure:6648: result: /usr/bin/dd
configure:6652: checking how to truncate binary pipes
configure:6667: result: /usr/bin/dd bs=4096 count=1
configure:6803: gcc -c -g -O2  conftest.c >&5
configure:6806: $? = 0
configure:6996: checking for mt
configure:7012: found /usr/bin/mt
configure:7023: result: mt
configure:7046: checking if mt is a manifest tool
configure:7052: mt '-?'
usage: mt [-v] [--version] [-h] [ -f device ] command [ count ]
configure:7060: result: no
configure:7733: checking for ANSI C header files
configure:7753: gcc -c -g -O2  conftest.c >&5
configure:7753: $? = 0
configure:7826: gcc -o conftest -g -O2   conftest.c  >&5
configure:7826: $? = 0
configure:7826: ./conftest
configure:7826: $? = 0
configure:7837: result: yes
configure:7850: checking for sys/types.h
configure:7850: gcc -c -g -O2  conftest.c >&5
configure:7850: $? = 0
configure:7850: result: yes
configure:7850: checking for sys/stat.h
configure:7850: gcc -c -g -O2  conftest.c >&5
configure:7850: $? = 0
configure:7850: result: yes
configure:7850: checking for stdlib.h
configure:7850: gcc -c -g -O2  conftest.c >&5
configure:7850: $? = 0
configure:7850: result: yes
configure:7850: checking for string.h
configure:7850: gcc -c -g -O2  conftest.c >&5
configure:7850: $? = 0
configure:7850: result: yes
configure:7850: checking for memory.h
configure:7850: gcc -c -g -O2  conftest.c >&5
configure:7850: $? = 0
configure:7850: result: yes
configure:7850: checking for strings.h
configure:7850: gcc -c -g -O2  conftest.c >&5
configure:7850: $? = 0
configure:7850: result: yes
configure:7850: checking for inttypes.h
configure:7850: gcc -c -g -O2  conftest.c >&5
configure:7850: $? = 0
configure:7850: result: yes
configure:7850: checking for stdint.h
configure:7850: gcc -c -g -O2  conftest.c >&5
configure:7850: $? = 0
configure:7850: result: yes
configure:7850: checking for unistd.h
configure:7850: gcc -c -g -O2  conftest.c >&5
configure:7850: $? = 0
configure:7850: result: yes
configure:7864: checking for dlfcn.h
configure:7864: gcc -c -g -O2  conftest.c >&5
configure:7864: $? = 0
configure:7864: result: yes
configure:8418: checking for objdir
configure:8433: result: .libs
configure:8697: checking if gcc supports -fno-rtti -fno-exceptions
configure:8715: gcc -c -g -O2  -fno-rtti -fno-exceptions conftest.c >&5
cc1: warning: command line option '-fno-rtti' is valid for C++/ObjC++ but not for C
configure:8719: $? = 0
configure:8732: result: no
configure:9090: checking for gcc option to produce PIC
configure:9097: result: -fPIC -DPIC
configure:9105: checking if gcc PIC flag -fPIC -DPIC works
configure:9123: gcc -c -g -O2  -fPIC -DPIC -DPIC conftest.c >&5
configure:9127: $? = 0
configure:9140: result: yes
configure:9169: checking if gcc static flag -static works
configure:9197: result: yes
configure:9212: checking if gcc supports -c -o file.o
configure:9233: gcc -c -g -O2  -o out/conftest2.o conftest.c >&5
configure:9237: $? = 0
configure:9259: result: yes
configure:9267: checking if gcc supports -c -o file.o
configure:9314: result: yes
configure:9347: checking whether the gcc linker (/usr/tce/bin/ld -m elf_x86_64) supports shared libraries
configure:10606: result: yes
configure:10643: checking whether -lc should be explicitly linked in
configure:10651: gcc -c -g -O2  conftest.c >&5
configure:10654: $? = 0
configure:10669: gcc -shared  -fPIC -DPIC conftest.o  -v -Wl,-soname -Wl,conftest -o conftest 2\>\&1 \| /usr/bin/grep  -lc  \>/dev/null 2\>\&1
configure:10672: $? = 0
configure:10686: result: no
configure:10846: checking dynamic linker characteristics
configure:11427: gcc -o conftest -g -O2   -Wl,-rpath -Wl,/foo conftest.c  >&5
configure:11427: $? = 0
configure:11664: result: GNU/Linux ld.so
configure:11786: checking how to hardcode library paths into programs
configure:11811: result: immediate
configure:12359: checking whether stripping libraries is possible
configure:12364: result: yes
configure:12399: checking if libtool supports shared libraries
configure:12401: result: yes
configure:12404: checking whether to build shared libraries
configure:12429: result: yes
configure:12432: checking whether to build static libraries
configure:12436: result: yes
configure:12477: checking that AWK works
configure:12483: result: ok
configure:12534: checking if we need to force back C standard to C89
configure:12550: gcc -c -g -O2  conftest.c >&5
configure:12550: $? = 0
configure:12551: result: no
configure:12566: checking for ANSI C header files
configure:12670: result: yes
configure:12680: checking for an ANSI C-conforming const
configure:12746: gcc -c -g -O2  conftest.c >&5
configure:12746: $? = 0
configure:12753: result: yes
configure:12761: checking for size_t
configure:12761: gcc -c -g -O2  conftest.c >&5
configure:12761: $? = 0
configure:12761: gcc -c -g -O2  conftest.c >&5
conftest.c: In function 'main':
conftest.c:60:21: error: expected expression before ')' token
 if (sizeof ((size_t)))
                     ^
configure:12761: $? = 1
configure: failed program was:
| /* confdefs.h */
| #define PACKAGE_NAME "libpng"
| #define PACKAGE_TARNAME "libpng"
| #define PACKAGE_VERSION "1.6.34"
| #define PACKAGE_STRING "libpng 1.6.34"
| #define PACKAGE_BUGREPORT "png-mng-implement@lists.sourceforge.net"
| #define PACKAGE_URL ""
| #define PACKAGE "libpng"
| #define VERSION "1.6.34"
| #define STDC_HEADERS 1
| #define HAVE_SYS_TYPES_H 1
| #define HAVE_SYS_STAT_H 1
| #define HAVE_STDLIB_H 1
| #define HAVE_STRING_H 1
| #define HAVE_MEMORY_H 1
| #define HAVE_STRINGS_H 1
| #define HAVE_INTTYPES_H 1
| #define HAVE_STDINT_H 1
| #define HAVE_UNISTD_H 1
| #define HAVE_DLFCN_H 1
| #define LT_OBJDIR ".libs/"
| #define STDC_HEADERS 1
| /* end confdefs.h.  */
| #include <stdio.h>
| #ifdef HAVE_SYS_TYPES_H
| # include <sys/types.h>
| #endif
| #ifdef HAVE_SYS_STAT_H
| # include <sys/stat.h>
| #endif
| #ifdef STDC_HEADERS
| # include <stdlib.h>
| # include <stddef.h>
| #else
| # ifdef HAVE_STDLIB_H
| #  include <stdlib.h>
| # endif
| #endif
| #ifdef HAVE_STRING_H
| # if !defined STDC_HEADERS && defined HAVE_MEMORY_H
| #  include <memory.h>
| # endif
| # include <string.h>
| #endif
| #ifdef HAVE_STRINGS_H
| # include <strings.h>
| #endif
| #ifdef HAVE_INTTYPES_H
| # include <inttypes.h>
| #endif
| #ifdef HAVE_STDINT_H
| # include <stdint.h>
| #endif
| #ifdef HAVE_UNISTD_H
| # include <unistd.h>
| #endif
| int
| main ()
| {
| if (sizeof ((size_t)))
| 	    return 0;
|   ;
|   return 0;
| }
configure:12761: result: yes
configure:12772: checking whether struct tm is in sys/time.h or time.h
configure:12792: gcc -c -g -O2  conftest.c >&5
configure:12792: $? = 0
configure:12799: result: time.h
configure:12807: checking for C/C++ restrict keyword
configure:12832: gcc -c -g -O2  conftest.c >&5
configure:12832: $? = 0
configure:12840: result: __restrict
configure:12855: checking for working strtod
configure:12896: gcc -o conftest -g -O2   conftest.c  >&5
configure:12896: $? = 0
configure:12896: ./conftest
configure:12896: $? = 0
configure:12906: result: yes
configure:12970: checking for memset
configure:12970: gcc -o conftest -g -O2   conftest.c  >&5
conftest.c:48:6: warning: conflicting types for built-in function 'memset'
 char memset ();
      ^
configure:12970: $? = 0
configure:12970: result: yes
configure:12983: checking for pow
configure:12983: gcc -o conftest -g -O2   conftest.c  >&5
conftest.c:49:6: warning: conflicting types for built-in function 'pow'
 char pow ();
      ^
/var/tmp/horrall1/ccO1Z3hK.o: In function `main':
/p/lscratchh/horrall1/summerdunemodproject/testrescal/rescal-snow/lib/libpng-1.6.34/conftest.c:60: undefined reference to `pow'
collect2: error: ld returned 1 exit status
configure:12983: $? = 1
configure: failed program was:
| /* confdefs.h */
| #define PACKAGE_NAME "libpng"
| #define PACKAGE_TARNAME "libpng"
| #define PACKAGE_VERSION "1.6.34"
| #define PACKAGE_STRING "libpng 1.6.34"
| #define PACKAGE_BUGREPORT "png-mng-implement@lists.sourceforge.net"
| #define PACKAGE_URL ""
| #define PACKAGE "libpng"
| #define VERSION "1.6.34"
| #define STDC_HEADERS 1
| #define HAVE_SYS_TYPES_H 1
| #define HAVE_SYS_STAT_H 1
| #define HAVE_STDLIB_H 1
| #define HAVE_STRING_H 1
| #define HAVE_MEMORY_H 1
| #define HAVE_STRINGS_H 1
| #define HAVE_INTTYPES_H 1
| #define HAVE_STDINT_H 1
| #define HAVE_UNISTD_H 1
| #define HAVE_DLFCN_H 1
| #define LT_OBJDIR ".libs/"
| #define STDC_HEADERS 1
| #define restrict __restrict
| #define HAVE_MEMSET 1
| /* end confdefs.h.  */
| /* Define pow to an innocuous variant, in case <limits.h> declares pow.
|    For example, HP-UX 11i <limits.h> declares gettimeofday.  */
| #define pow innocuous_pow
| 
| /* System header to define __stub macros and hopefully few prototypes,
|     which can conflict with char pow (); below.
|     Prefer <limits.h> to <assert.h> if __STDC__ is defined, since
|     <limits.h> exists even on freestanding compilers.  */
| 
| #ifdef __STDC__
| # include <limits.h>
| #else
| # include <assert.h>
| #endif
| 
| #undef pow
| 
| /* Override any GCC internal prototype to avoid an error.
|    Use char because int might match the return type of a GCC
|    builtin and then its argument prototype would still apply.  */
| #ifdef __cplusplus
| extern "C"
| #endif
| char pow ();
| /* The GNU C library defines this for functions which it implements
|     to always fail with ENOSYS.  Some functions are actually named
|     something starting with __ and the normal name is an alias.  */
| #if defined __stub_pow || defined __stub___pow
| choke me
| #endif
| 
| int
| main ()
| {
| return pow ();
|   ;
|   return 0;
| }
configure:12983: result: no
configure:12990: checking for pow in -lm
configure:13015: gcc -o conftest -g -O2   conftest.c -lm   >&5
conftest.c:33:6: warning: conflicting types for built-in function 'pow'
 char pow ();
      ^
configure:13015: $? = 0
configure:13024: result: yes
configure:13043: checking for clock_gettime
configure:13043: gcc -o conftest -g -O2   conftest.c -lm  >&5
configure:13043: $? = 0
configure:13043: result: yes
configure:13068: checking for zlibVersion in -lz
configure:13093: gcc -o conftest -g -O2   conftest.c -lz  -lm  >&5
configure:13093: $? = 0
configure:13102: result: yes
configure:13167: checking for feenableexcept in -lm
configure:13192: gcc -o conftest -g -O2   conftest.c -lm  -lz -lm  >&5
configure:13192: $? = 0
configure:13201: result: yes
configure:13214: checking for feenableexcept
configure:13214: gcc -o conftest -g -O2   conftest.c -lm -lz -lm  >&5
configure:13214: $? = 0
configure:13214: result: yes
configure:13224: checking if using Solaris linker
configure:13233: result: no
configure:13245: checking if libraries can be versioned
configure:13266: result: yes
configure:13288: checking for symbol prefix
configure:13295: result: 
configure:13317: pkgconfig directory is ${libdir}/pkgconfig
configure:13678: Extra options for compiler: 
configure:13796: checking that generated files are newer than configure
configure:13802: result: done
configure:13877: creating ./config.status

## ---------------------- ##
## Running config.status. ##
## ---------------------- ##

This file was extended by libpng config.status 1.6.34, which was
generated by GNU Autoconf 2.69.  Invocation command line was

  CONFIG_FILES    = 
  CONFIG_HEADERS  = 
  CONFIG_LINKS    = 
  CONFIG_COMMANDS = 
  $ ./config.status 

on quartz380

config.status:1135: creating Makefile
config.status:1135: creating libpng.pc
config.status:1135: creating libpng-config
config.status:1135: creating config.h
config.status:1316: config.h is unchanged
config.status:1364: executing depfiles commands
config.status:1364: executing libtool commands

## ---------------- ##
## Cache variables. ##
## ---------------- ##

ac_cv_build=x86_64-unknown-linux-gnu
ac_cv_c_compiler_gnu=yes
ac_cv_c_const=yes
ac_cv_c_restrict=__restrict
ac_cv_env_CCASFLAGS_set=
ac_cv_env_CCASFLAGS_value=
ac_cv_env_CCAS_set=
ac_cv_env_CCAS_value=
ac_cv_env_CC_set=
ac_cv_env_CC_value=
ac_cv_env_CFLAGS_set=
ac_cv_env_CFLAGS_value=
ac_cv_env_CPPFLAGS_set=
ac_cv_env_CPPFLAGS_value=
ac_cv_env_CPP_set=
ac_cv_env_CPP_value=
ac_cv_env_LDFLAGS_set=
ac_cv_env_LDFLAGS_value=
ac_cv_env_LIBS_set=
ac_cv_env_LIBS_value=
ac_cv_env_LT_SYS_LIBRARY_PATH_set=
ac_cv_env_LT_SYS_LIBRARY_PATH_value=
ac_cv_env_PNG_COPTS_set=
ac_cv_env_PNG_COPTS_value=
ac_cv_env_build_alias_set=
ac_cv_env_build_alias_value=
ac_cv_env_host_alias_set=
ac_cv_env_host_alias_value=
ac_cv_env_target_alias_set=
ac_cv_env_target_alias_value=
ac_cv_func_clock_gettime=yes
ac_cv_func_feenableexcept=yes
ac_cv_func_memset=yes
ac_cv_func_pow=no
ac_cv_func_strtod=yes
ac_cv_header_dlfcn_h=yes
ac_cv_header_inttypes_h=yes
ac_cv_header_memory_h=yes
ac_cv_header_stdc=yes
ac_cv_header_stdint_h=yes
ac_cv_header_stdlib_h=yes
ac_cv_header_string_h=yes
ac_cv_header_strings_h=yes
ac_cv_header_sys_stat_h=yes
ac_cv_header_sys_types_h=yes
ac_cv_header_unistd_h=yes
ac_cv_host=x86_64-unknown-linux-gnu
ac_cv_lib_m_feenableexcept=yes
ac_cv_lib_m_pow=yes
ac_cv_lib_z_zlibVersion=yes
ac_cv_objext=o
ac_cv_path_EGREP='/usr/bin/grep -E'
ac_cv_path_FGREP='/usr/bin/grep -F'
ac_cv_path_GREP=/usr/bin/grep
ac_cv_path_SED=/usr/bin/sed
ac_cv_path_install='/usr/bin/install -c'
ac_cv_path_lt_DD=/usr/bin/dd
ac_cv_path_mkdir=/usr/bin/mkdir
ac_cv_prog_AWK=gawk
ac_cv_prog_CPP='gcc -E'
ac_cv_prog_ac_ct_AR=ar
ac_cv_prog_ac_ct_CC=gcc
ac_cv_prog_ac_ct_MANIFEST_TOOL=mt
ac_cv_prog_ac_ct_OBJDUMP=objdump
ac_cv_prog_ac_ct_RANLIB=ranlib
ac_cv_prog_ac_ct_STRIP=strip
ac_cv_prog_cc_c89=
ac_cv_prog_cc_g=yes
ac_cv_prog_make_make_set=yes
ac_cv_struct_tm=time.h
ac_cv_type_size_t=yes
am_cv_CCAS_dependencies_compiler_type=gcc3
am_cv_CC_dependencies_compiler_type=gcc3
am_cv_make_support_nested_variables=yes
lt_cv_ar_at_file=@
lt_cv_archive_cmds_need_lc=no
lt_cv_deplibs_check_method=pass_all
lt_cv_file_magic_cmd='$MAGIC_CMD'
lt_cv_file_magic_test_file=
lt_cv_ld_reload_flag=-r
lt_cv_nm_interface='BSD nm'
lt_cv_objdir=.libs
lt_cv_path_LD=/usr/tce/bin/ld
lt_cv_path_NM='/usr/bin/nm -B'
lt_cv_path_mainfest_tool=no
lt_cv_prog_compiler_c_o=yes
lt_cv_prog_compiler_pic='-fPIC -DPIC'
lt_cv_prog_compiler_pic_works=yes
lt_cv_prog_compiler_rtti_exceptions=no
lt_cv_prog_compiler_static_works=yes
lt_cv_prog_gnu_ld=yes
lt_cv_sharedlib_from_linklib_cmd='printf %s\n'
lt_cv_shlibpath_overrides_runpath=no
lt_cv_sys_global_symbol_pipe='sed -n -e '\''s/^.*[	 ]\([ABCDGIRSTW][ABCDGIRSTW]*\)[	 ][	 ]*\([_A-Za-z][_A-Za-z0-9]*\)$/\1 \2 \2/p'\'' | sed '\''/ __gnu_lto/d'\'''
lt_cv_sys_global_symbol_to_c_name_address='sed -n -e '\''s/^: \(.*\) .*$/  {"\1", (void *) 0},/p'\'' -e '\''s/^[ABCDGIRSTW][ABCDGIRSTW]* .* \(.*\)$/  {"\1", (void *) \&\1},/p'\'''
lt_cv_sys_global_symbol_to_c_name_address_lib_prefix='sed -n -e '\''s/^: \(.*\) .*$/  {"\1", (void *) 0},/p'\'' -e '\''s/^[ABCDGIRSTW][ABCDGIRSTW]* .* \(lib.*\)$/  {"\1", (void *) \&\1},/p'\'' -e '\''s/^[ABCDGIRSTW][ABCDGIRSTW]* .* \(.*\)$/  {"lib\1", (void *) \&\1},/p'\'''
lt_cv_sys_global_symbol_to_cdecl='sed -n -e '\''s/^T .* \(.*\)$/extern int \1();/p'\'' -e '\''s/^[ABCDGIRSTW][ABCDGIRSTW]* .* \(.*\)$/extern char \1;/p'\'''
lt_cv_sys_global_symbol_to_import=
lt_cv_sys_max_cmd_len=3458764513820540925
lt_cv_to_host_file_cmd=func_convert_file_noop
lt_cv_to_tool_file_cmd=func_convert_file_noop
lt_cv_truncate_bin='/usr/bin/dd bs=4096 count=1'

## ----------------- ##
## Output variables. ##
## ----------------- ##

ACLOCAL='${SHELL} /p/lscratchh/horrall1/summerdunemodproject/testrescal/rescal-snow/lib/libpng-1.6.34/missing aclocal-1.13'
AMDEPBACKSLASH='\'
AMDEP_FALSE='#'
AMDEP_TRUE=''
AMTAR='$${TAR-tar}'
AM_BACKSLASH='\'
AM_DEFAULT_V='$(AM_DEFAULT_VERBOSITY)'
AM_DEFAULT_VERBOSITY='1'
AM_V='$(V)'
AR='ar'
AS='as'
AUTOCONF='${SHELL} /p/lscratchh/horrall1/summerdunemodproject/testrescal/rescal-snow/lib/libpng-1.6.34/missing autoconf'
AUTOHEADER='${SHELL} /p/lscratchh/horrall1/summerdunemodproject/testrescal/rescal-snow/lib/libpng-1.6.34/missing autoheader'
AUTOMAKE='${SHELL} /p/lscratchh/horrall1/summerdunemodproject/testrescal/rescal-snow/lib/libpng-1.6.34/missing automake-1.13'
AWK='gawk'
CC='gcc'
CCAS='gcc'
CCASDEPMODE='depmode=gcc3'
CCASFLAGS='-g -O2'
CCDEPMODE='depmode=gcc3'
CFLAGS='-g -O2'
CPP='gcc -E'
CPPFLAGS=''
CYGPATH_W='echo'
DEFS='-DHAVE_CONFIG_H'
DEPDIR='.deps'
DFNCPP='gcc -E'
DLLTOOL='false'
DO_INSTALL_LIBPNG_CONFIG_FALSE='#'
DO_INSTALL_LIBPNG_CONFIG_TRUE=''
DO_INSTALL_LIBPNG_PC_FALSE='#'
DO_INSTALL_LIBPNG_PC_TRUE=''
DO_INSTALL_LINKS_FALSE='#'
DO_INSTALL_LINKS_TRUE=''
DO_PNG_PREFIX_FALSE=''
DO_PNG_PREFIX_TRUE='#'
DSYMUTIL=''
DUMPBIN=''
ECHO_C=''
ECHO_N='-n'
ECHO_T=''
EGREP='/usr/bin/grep -E'
EXEEXT=''
FGREP='/usr/bin/grep -F'
GREP='/usr/bin/grep'
HAVE_CLOCK_GETTIME_FALSE='#'
HAVE_CLOCK_GETTIME_TRUE=''
HAVE_LD_VERSION_SCRIPT_FALSE='#'
HAVE_LD_VERSION_SCRIPT_TRUE=''
HAVE_SOLARIS_LD_FALSE=''
HAVE_SOLARIS_LD_TRUE='#'
INSTALL_DATA='${INSTALL} -m 644'
INSTALL_PROGRAM='${INSTALL}'
INSTALL_SCRIPT='${INSTALL}'
INSTALL_STRIP_PROGRAM='$(install_sh) -c -s'
LD='/usr/tce/bin/ld -m elf_x86_64'
LDFLAGS=''
LIBOBJS=''
LIBS='-lm -lz -lm '
LIBTOOL='$(SHELL) $(top_builddir)/libtool'
LIPO=''
LN_S='ln -s'
LTLIBOBJS=''
LT_SYS_LIBRARY_PATH=''
MAINT='#'
MAINTAINER_MODE_FALSE=''
MAINTAINER_MODE_TRUE='#'
MAKEINFO='${SHELL} /p/lscratchh/horrall1/summerdunemodproject/testrescal/rescal-snow/lib/libpng-1.6.34/missing makeinfo'
MANIFEST_TOOL=':'
MKDIR_P='/usr/bin/mkdir -p'
NM='/usr/bin/nm -B'
NMEDIT=''
OBJDUMP='objdump'
OBJEXT='o'
OTOOL64=''
OTOOL=''
PACKAGE='libpng'
PACKAGE_BUGREPORT='png-mng-implement@lists.sourceforge.net'
PACKAGE_NAME='libpng'
PACKAGE_STRING='libpng 1.6.34'
PACKAGE_TARNAME='libpng'
PACKAGE_URL=''
PACKAGE_VERSION='1.6.34'
PATH_SEPARATOR=':'
PNGLIB_MAJOR='1'
PNGLIB_MINOR='6'
PNGLIB_RELEASE='34'
PNGLIB_VERSION='1.6.34'
PNG_ARM_NEON_FALSE=''
PNG_ARM_NEON_TRUE='#'
PNG_COPTS=''
PNG_INTEL_SSE_FALSE='#'
PNG_INTEL_SSE_TRUE=''
PNG_MIPS_MSA_FALSE='#'
PNG_MIPS_MSA_TRUE=''
PNG_POWERPC_VSX_FALSE='#'
PNG_POWERPC_VSX_TRUE=''
PNG_PREFIX=''
POW_LIB=''
RANLIB='ranlib'
SED='/usr/bin/sed'
SET_MAKE=''
SHELL='/bin/sh'
STRIP='strip'
SYMBOL_PREFIX=''
VERSION='1.6.34'
ac_ct_AR='ar'
ac_ct_CC='gcc'
ac_ct_DUMPBIN=''
am__EXEEXT_FALSE=''
am__EXEEXT_TRUE='#'
am__fastdepCCAS_FALSE='#'
am__fastdepCCAS_TRUE=''
am__fastdepCC_FALSE='#'
am__fastdepCC_TRUE=''
am__include='include'
am__isrc=''
am__leading_dot='.'
am__nodep='_no'
am__quote=''
am__tar='$${TAR-tar} chof - "$$tardir"'
am__untar='$${TAR-tar} xf -'
binconfigs='${binconfigs}'
bindir='${exec_prefix}/bin'
build='x86_64-unknown-linux-gnu'
build_alias=''
build_cpu='x86_64'
build_os='linux-gnu'
build_vendor='unknown'
datadir='${datarootdir}'
datarootdir='${prefix}/share'
docdir='${datarootdir}/doc/${PACKAGE_TARNAME}'
dvidir='${docdir}'
exec_prefix='${prefix}'
host='x86_64-unknown-linux-gnu'
host_alias=''
host_cpu='x86_64'
host_os='linux-gnu'
host_vendor='unknown'
htmldir='${docdir}'
includedir='${prefix}/include'
infodir='${datarootdir}/info'
install_sh='${SHELL} /p/lscratchh/horrall1/summerdunemodproject/testrescal/rescal-snow/lib/libpng-1.6.34/install-sh'
libdir='${exec_prefix}/lib'
libexecdir='${exec_prefix}/libexec'
localedir='${datarootdir}/locale'
localstatedir='${prefix}/var'
mandir='${datarootdir}/man'
mkdir_p='$(MKDIR_P)'
oldincludedir='/usr/include'
pdfdir='${docdir}'
pkgconfigdir='${libdir}/pkgconfig'
prefix='/usr/local'
program_transform_name='s,x,x,'
psdir='${docdir}'
sbindir='${exec_prefix}/sbin'
sharedstatedir='${prefix}/com'
sysconfdir='${prefix}/etc'
target_alias=''

## ----------- ##
## confdefs.h. ##
## ----------- ##

/* confdefs.h */
#define PACKAGE_NAME "libpng"
#define PACKAGE_TARNAME "libpng"
#define PACKAGE_VERSION "1.6.34"
#define PACKAGE_STRING "libpng 1.6.34"
#define PACKAGE_BUGREPORT "png-mng-implement@lists.sourceforge.net"
#define PACKAGE_URL ""
#define PACKAGE "libpng"
#define VERSION "1.6.34"
#define STDC_HEADERS 1
#define HAVE_SYS_TYPES_H 1
#define HAVE_SYS_STAT_H 1
#define HAVE_STDLIB_H 1
#define HAVE_STRING_H 1
#define HAVE_MEMORY_H 1
#define HAVE_STRINGS_H 1
#define HAVE_INTTYPES_H 1
#define HAVE_STDINT_H 1
#define HAVE_UNISTD_H 1
#define HAVE_DLFCN_H 1
#define LT_OBJDIR ".libs/"
#define STDC_HEADERS 1
#define restrict __restrict
#define HAVE_MEMSET 1
#define HAVE_LIBM 1
#define HAVE_LIBZ 1
#define HAVE_LIBM 1
#define HAVE_FEENABLEEXCEPT 1

configure: exit 0
