0.000000   0.000000
1.000000   0.000000
2.000000   0.000000
3.000000   0.000000
4.000000   0.000000
5.000000   0.000000
6.000000   0.000000
7.000000   0.000000
8.000000   0.000000
9.000000   0.000000
10.000000   0.000000
11.000000   0.000000
12.000000   0.000000
13.000000   0.000000
14.000000   0.000000
15.000000   0.000000
16.000000   0.000000
17.000000   0.000000
18.000000   0.000000
19.000000   0.000000
20.000000   0.000000
21.000000   0.000000
22.000000   0.000000
23.000000   0.000000
24.000000   0.000000
25.000000   0.000000
26.000000   0.000000
27.000000   0.000000
28.000000   0.000000
29.000000   0.000000
30.000000   0.000000
31.000000   0.000000
32.000000   0.000000
33.000000   0.000000
34.000000   0.000000
35.000000   0.000000
36.000000   0.000000
37.000000   0.000000
38.000000   0.000000
39.000000   0.000000
40.000000   0.000000
41.000000   0.000000
42.000000   0.000000
43.000000   0.000000
44.000000   0.000000
45.000000   0.000000
46.000000   0.000000
47.000000   0.000000
48.000000   0.000000
49.000000   0.000000
50.000000   0.000000
51.000000   0.000000
52.000000   0.000000
53.000000   0.000000
54.000000   0.000000
55.000000   0.000000
56.000000   0.000000
57.000000   0.000000
58.000000   0.000000
59.000000   0.000000
60.000000   0.000000
61.000000   0.000000
62.000000   0.000000
63.000000   0.000000
64.000000   0.000000
65.000000   0.000000
66.000000   0.000000
67.000000   0.000000
68.000000   0.000000
69.000000   0.000000
70.000000   0.000000
71.000000   0.000000
72.000000   0.000000
73.000000   0.000000
74.000000   0.000000
75.000000   0.000000
76.000000   0.000000
77.000000   0.000000
78.000000   0.000000
79.000000   0.000000
80.000000   0.000000
81.000000   0.000000
82.000000   0.000000
83.000000   0.000000
84.000000   0.000000
85.000000   0.000000
86.000000   0.000000
87.000000   0.000000
88.000000   0.000000
89.000000   0.000000
90.000000   0.000000
91.000000   0.000000
92.000000   0.000000
93.000000   0.000000
94.000000   0.000000
95.000000   0.000000
96.000000   0.000000
97.000000   0.000000
98.000000   0.000000
99.000000   0.000000
100.000000   0.000000
101.000000   0.000000
102.000000   0.000000
103.000000   0.000000
104.000000   0.000000
105.000000   0.000000
106.000000   0.000000
107.000000   0.000000
108.000000   0.000000
109.000000   0.000000
110.000000   0.000000
111.000000   0.000000
112.000000   0.000000
113.000000   0.000000
114.000000   0.000000
115.000000   0.000000
116.000000   0.000000
117.000000   0.000000
118.000000   0.000000
119.000000   0.000000
120.000000   0.000000
121.000000   0.000000
122.000000   0.000000
123.000000   0.000000
124.000000   0.000000
125.000000   0.000000
126.000000   0.000000
127.000000   0.000000
128.000000   0.000000
129.000000   0.000000
130.000000   0.000000
131.000000   0.000000
132.000000   0.000000
133.000000   0.000000
134.000000   0.000000
135.000000   0.000000
136.000000   0.000000
137.000000   0.000000
138.000000   0.000000
139.000000   0.000000
140.000000   0.000000
141.000000   0.000000
142.000000   0.000000
143.000000   0.000000
144.000000   0.000000
145.000000   0.000000
146.000000   0.000000
147.000000   0.000000
148.000000   0.000000
149.000000   0.000000
150.000000   0.000000
151.000000   0.000000
152.000000   0.000000
153.000000   0.000000
154.000000   0.000000
155.000000   0.000000
156.000000   0.000000
157.000000   0.000000
158.000000   0.000000
159.000000   0.000000
160.000000   0.000000
161.000000   0.000000
162.000000   0.000000
163.000000   0.000000
164.000000   0.000000
165.000000   0.000000
166.000000   0.000000
167.000000   0.000000
168.000000   0.000000
169.000000   0.000000
170.000000   0.000000
171.000000   0.000000
172.000000   0.000000
173.000000   0.000000
174.000000   0.000000
175.000000   0.000000
176.000000   0.000000
177.000000   0.000000
178.000000   0.000000
179.000000   0.000000
180.000000   0.000000
181.000000   0.000000
182.000000   0.000000
183.000000   0.000000
184.000000   0.000000
185.000000   0.000000
186.000000   0.000000
187.000000   0.000000
188.000000   0.000000
189.000000   0.000000
190.000000   0.000000
191.000000   0.000000
192.000000   0.000000
193.000000   0.000000
194.000000   0.000000
195.000000   0.000000
196.000000   0.000000
197.000000   0.000000
198.000000   0.000000
199.000000   0.000000
200.000000   0.000000
201.000000   0.001250
202.000000   0.002500
203.000000   0.003750
204.000000   0.005000
205.000000   0.006250
206.000000   0.007500
207.000000   0.008750
208.000000   0.010000
209.000000   0.011250
210.000000   0.012500
211.000000   0.013750
212.000000   0.015000
213.000000   0.016250
214.000000   0.017500
215.000000   0.018750
216.000000   0.020000
217.000000   0.021250
218.000000   0.022500
219.000000   0.023750
220.000000   0.025000
221.000000   0.026250
222.000000   0.027500
223.000000   0.028750
224.000000   0.030000
225.000000   0.031250
226.000000   0.032500
227.000000   0.033750
228.000000   0.035000
229.000000   0.036250
230.000000   0.037500
231.000000   0.038750
232.000000   0.040000
233.000000   0.041250
234.000000   0.042500
235.000000   0.043750
236.000000   0.045000
237.000000   0.046250
238.000000   0.047500
239.000000   0.048750
240.000000   0.050000
241.000000   0.051250
242.000000   0.052500
243.000000   0.053750
244.000000   0.055000
245.000000   0.056250
246.000000   0.057500
247.000000   0.058750
248.000000   0.060000
249.000000   0.061250
250.000000   0.062500
251.000000   0.063750
252.000000   0.065000
253.000000   0.066250
254.000000   0.067500
255.000000   0.068750
256.000000   0.070000
257.000000   0.071250
258.000000   0.072500
259.000000   0.073750
260.000000   0.075000
261.000000   0.076250
262.000000   0.077500
263.000000   0.078750
264.000000   0.080000
265.000000   0.081250
266.000000   0.082500
267.000000   0.083750
268.000000   0.085000
269.000000   0.086250
270.000000   0.087500
271.000000   0.088750
272.000000   0.090000
273.000000   0.091250
274.000000   0.092500
275.000000   0.093750
276.000000   0.095000
277.000000   0.096250
278.000000   0.097500
279.000000   0.098750
280.000000   0.100000
281.000000   0.101250
282.000000   0.102500
283.000000   0.103750
284.000000   0.105000
285.000000   0.106250
286.000000   0.107500
287.000000   0.108750
288.000000   0.110000
289.000000   0.111250
290.000000   0.112500
291.000000   0.113750
292.000000   0.115000
293.000000   0.116250
294.000000   0.117500
295.000000   0.118750
296.000000   0.120000
297.000000   0.121250
298.000000   0.122500
299.000000   0.123750
300.000000   0.125000
301.000000   0.126250
302.000000   0.127500
303.000000   0.128750
304.000000   0.130000
305.000000   0.131250
306.000000   0.132500
307.000000   0.133750
308.000000   0.135000
309.000000   0.136250
310.000000   0.137500
311.000000   0.138750
312.000000   0.140000
313.000000   0.141250
314.000000   0.142500
315.000000   0.143750
316.000000   0.145000
317.000000   0.146250
318.000000   0.147500
319.000000   0.148750
320.000000   0.150000
321.000000   0.151250
322.000000   0.152500
323.000000   0.153750
324.000000   0.155000
325.000000   0.156250
326.000000   0.157500
327.000000   0.158750
328.000000   0.160000
329.000000   0.161250
330.000000   0.162500
331.000000   0.163750
332.000000   0.165000
333.000000   0.166250
334.000000   0.167500
335.000000   0.168750
336.000000   0.170000
337.000000   0.171250
338.000000   0.172500
339.000000   0.173750
340.000000   0.175000
341.000000   0.176250
342.000000   0.177500
343.000000   0.178750
344.000000   0.180000
345.000000   0.181250
346.000000   0.182500
347.000000   0.183750
348.000000   0.185000
349.000000   0.186250
350.000000   0.187500
351.000000   0.188750
352.000000   0.190000
353.000000   0.191250
354.000000   0.192500
355.000000   0.193750
356.000000   0.195000
357.000000   0.196250
358.000000   0.197500
359.000000   0.198750
360.000000   0.200000
361.000000   0.201250
362.000000   0.202500
363.000000   0.203750
364.000000   0.205000
365.000000   0.206250
366.000000   0.207500
367.000000   0.208750
368.000000   0.210000
369.000000   0.211250
370.000000   0.212500
371.000000   0.213750
372.000000   0.215000
373.000000   0.216250
374.000000   0.217500
375.000000   0.218750
376.000000   0.220000
377.000000   0.221250
378.000000   0.222500
379.000000   0.223750
380.000000   0.225000
381.000000   0.226250
382.000000   0.227500
383.000000   0.228750
384.000000   0.230000
385.000000   0.231250
386.000000   0.232500
387.000000   0.233750
388.000000   0.235000
389.000000   0.236250
390.000000   0.237500
391.000000   0.238750
392.000000   0.240000
393.000000   0.241250
394.000000   0.242500
395.000000   0.243750
396.000000   0.245000
397.000000   0.246250
398.000000   0.247500
399.000000   0.248750
400.000000   0.250000
401.000000   0.251250
402.000000   0.252500
403.000000   0.253750
404.000000   0.255000
405.000000   0.256250
406.000000   0.257500
407.000000   0.258750
408.000000   0.260000
409.000000   0.261250
410.000000   0.262500
411.000000   0.263750
412.000000   0.265000
413.000000   0.266250
414.000000   0.267500
415.000000   0.268750
416.000000   0.270000
417.000000   0.271250
418.000000   0.272500
419.000000   0.273750
420.000000   0.275000
421.000000   0.276250
422.000000   0.277500
423.000000   0.278750
424.000000   0.280000
425.000000   0.281250
426.000000   0.282500
427.000000   0.283750
428.000000   0.285000
429.000000   0.286250
430.000000   0.287500
431.000000   0.288750
432.000000   0.290000
433.000000   0.291250
434.000000   0.292500
435.000000   0.293750
436.000000   0.295000
437.000000   0.296250
438.000000   0.297500
439.000000   0.298750
440.000000   0.300000
441.000000   0.301250
442.000000   0.302500
443.000000   0.303750
444.000000   0.305000
445.000000   0.306250
446.000000   0.307500
447.000000   0.308750
448.000000   0.310000
449.000000   0.311250
450.000000   0.312500
451.000000   0.313750
452.000000   0.315000
453.000000   0.316250
454.000000   0.317500
455.000000   0.318750
456.000000   0.320000
457.000000   0.321250
458.000000   0.322500
459.000000   0.323750
460.000000   0.325000
461.000000   0.326250
462.000000   0.327500
463.000000   0.328750
464.000000   0.330000
465.000000   0.331250
466.000000   0.332500
467.000000   0.333750
468.000000   0.335000
469.000000   0.336250
470.000000   0.337500
471.000000   0.338750
472.000000   0.340000
473.000000   0.341250
474.000000   0.342500
475.000000   0.343750
476.000000   0.345000
477.000000   0.346250
478.000000   0.347500
479.000000   0.348750
480.000000   0.350000
481.000000   0.351250
482.000000   0.352500
483.000000   0.353750
484.000000   0.355000
485.000000   0.356250
486.000000   0.357500
487.000000   0.358750
488.000000   0.360000
489.000000   0.361250
490.000000   0.362500
491.000000   0.363750
492.000000   0.365000
493.000000   0.366250
494.000000   0.367500
495.000000   0.368750
496.000000   0.370000
497.000000   0.371250
498.000000   0.372500
499.000000   0.373750
500.000000   0.375000
501.000000   0.376250
502.000000   0.377500
503.000000   0.378750
504.000000   0.380000
505.000000   0.381250
506.000000   0.382500
507.000000   0.383750
508.000000   0.385000
509.000000   0.386250
510.000000   0.387500
511.000000   0.388750
512.000000   0.390000
513.000000   0.391250
514.000000   0.392500
515.000000   0.393750
516.000000   0.395000
517.000000   0.396250
518.000000   0.397500
519.000000   0.398750
520.000000   0.400000
521.000000   0.401250
522.000000   0.402500
523.000000   0.403750
524.000000   0.405000
525.000000   0.406250
526.000000   0.407500
527.000000   0.408750
528.000000   0.410000
529.000000   0.411250
530.000000   0.412500
531.000000   0.413750
532.000000   0.415000
533.000000   0.416250
534.000000   0.417500
535.000000   0.418750
536.000000   0.420000
537.000000   0.421250
538.000000   0.422500
539.000000   0.423750
540.000000   0.425000
541.000000   0.426250
542.000000   0.427500
543.000000   0.428750
544.000000   0.430000
545.000000   0.431250
546.000000   0.432500
547.000000   0.433750
548.000000   0.435000
549.000000   0.436250
550.000000   0.437500
551.000000   0.438750
552.000000   0.440000
553.000000   0.441250
554.000000   0.442500
555.000000   0.443750
556.000000   0.445000
557.000000   0.446250
558.000000   0.447500
559.000000   0.448750
560.000000   0.450000
561.000000   0.451250
562.000000   0.452500
563.000000   0.453750
564.000000   0.455000
565.000000   0.456250
566.000000   0.457500
567.000000   0.458750
568.000000   0.460000
569.000000   0.461250
570.000000   0.462500
571.000000   0.463750
572.000000   0.465000
573.000000   0.466250
574.000000   0.467500
575.000000   0.468750
576.000000   0.470000
577.000000   0.471250
578.000000   0.472500
579.000000   0.473750
580.000000   0.475000
581.000000   0.476250
582.000000   0.477500
583.000000   0.478750
584.000000   0.480000
585.000000   0.481250
586.000000   0.482500
587.000000   0.483750
588.000000   0.485000
589.000000   0.486250
590.000000   0.487500
591.000000   0.488750
592.000000   0.490000
593.000000   0.491250
594.000000   0.492500
595.000000   0.493750
596.000000   0.495000
597.000000   0.496250
598.000000   0.497500
599.000000   0.498750
600.000000   0.500000
601.000000   0.501250
602.000000   0.502500
603.000000   0.503750
604.000000   0.505000
605.000000   0.506250
606.000000   0.507500
607.000000   0.508750
608.000000   0.510000
609.000000   0.511250
610.000000   0.512500
611.000000   0.513750
612.000000   0.515000
613.000000   0.516250
614.000000   0.517500
615.000000   0.518750
616.000000   0.520000
617.000000   0.521250
618.000000   0.522500
619.000000   0.523750
620.000000   0.525000
621.000000   0.526250
622.000000   0.527500
623.000000   0.528750
624.000000   0.530000
625.000000   0.531250
626.000000   0.532500
627.000000   0.533750
628.000000   0.535000
629.000000   0.536250
630.000000   0.537500
631.000000   0.538750
632.000000   0.540000
633.000000   0.541250
634.000000   0.542500
635.000000   0.543750
636.000000   0.545000
637.000000   0.546250
638.000000   0.547500
639.000000   0.548750
640.000000   0.550000
641.000000   0.551250
642.000000   0.552500
643.000000   0.553750
644.000000   0.555000
645.000000   0.556250
646.000000   0.557500
647.000000   0.558750
648.000000   0.560000
649.000000   0.561250
650.000000   0.562500
651.000000   0.563750
652.000000   0.565000
653.000000   0.566250
654.000000   0.567500
655.000000   0.568750
656.000000   0.570000
657.000000   0.571250
658.000000   0.572500
659.000000   0.573750
660.000000   0.575000
661.000000   0.576250
662.000000   0.577500
663.000000   0.578750
664.000000   0.580000
665.000000   0.581250
666.000000   0.582500
667.000000   0.583750
668.000000   0.585000
669.000000   0.586250
670.000000   0.587500
671.000000   0.588750
672.000000   0.590000
673.000000   0.591250
674.000000   0.592500
675.000000   0.593750
676.000000   0.595000
677.000000   0.596250
678.000000   0.597500
679.000000   0.598750
680.000000   0.600000
681.000000   0.601250
682.000000   0.602500
683.000000   0.603750
684.000000   0.605000
685.000000   0.606250
686.000000   0.607500
687.000000   0.608750
688.000000   0.610000
689.000000   0.611250
690.000000   0.612500
691.000000   0.613750
692.000000   0.615000
693.000000   0.616250
694.000000   0.617500
695.000000   0.618750
696.000000   0.620000
697.000000   0.621250
698.000000   0.622500
699.000000   0.623750
700.000000   0.625000
701.000000   0.626250
702.000000   0.627500
703.000000   0.628750
704.000000   0.630000
705.000000   0.631250
706.000000   0.632500
707.000000   0.633750
708.000000   0.635000
709.000000   0.636250
710.000000   0.637500
711.000000   0.638750
712.000000   0.640000
713.000000   0.641250
714.000000   0.642500
715.000000   0.643750
716.000000   0.645000
717.000000   0.646250
718.000000   0.647500
719.000000   0.648750
720.000000   0.650000
721.000000   0.651250
722.000000   0.652500
723.000000   0.653750
724.000000   0.655000
725.000000   0.656250
726.000000   0.657500
727.000000   0.658750
728.000000   0.660000
729.000000   0.661250
730.000000   0.662500
731.000000   0.663750
732.000000   0.665000
733.000000   0.666250
734.000000   0.667500
735.000000   0.668750
736.000000   0.670000
737.000000   0.671250
738.000000   0.672500
739.000000   0.673750
740.000000   0.675000
741.000000   0.676250
742.000000   0.677500
743.000000   0.678750
744.000000   0.680000
745.000000   0.681250
746.000000   0.682500
747.000000   0.683750
748.000000   0.685000
749.000000   0.686250
750.000000   0.687500
751.000000   0.688750
752.000000   0.690000
753.000000   0.691250
754.000000   0.692500
755.000000   0.693750
756.000000   0.695000
757.000000   0.696250
758.000000   0.697500
759.000000   0.698750
760.000000   0.700000
761.000000   0.701250
762.000000   0.702500
763.000000   0.703750
764.000000   0.705000
765.000000   0.706250
766.000000   0.707500
767.000000   0.708750
768.000000   0.710000
769.000000   0.711250
770.000000   0.712500
771.000000   0.713750
772.000000   0.715000
773.000000   0.716250
774.000000   0.717500
775.000000   0.718750
776.000000   0.720000
777.000000   0.721250
778.000000   0.722500
779.000000   0.723750
780.000000   0.725000
781.000000   0.726250
782.000000   0.727500
783.000000   0.728750
784.000000   0.730000
785.000000   0.731250
786.000000   0.732500
787.000000   0.733750
788.000000   0.735000
789.000000   0.736250
790.000000   0.737500
791.000000   0.738750
792.000000   0.740000
793.000000   0.741250
794.000000   0.742500
795.000000   0.743750
796.000000   0.745000
797.000000   0.746250
798.000000   0.747500
799.000000   0.748750
800.000000   0.750000
801.000000   0.751250
802.000000   0.752500
803.000000   0.753750
804.000000   0.755000
805.000000   0.756250
806.000000   0.757500
807.000000   0.758750
808.000000   0.760000
809.000000   0.761250
810.000000   0.762500
811.000000   0.763750
812.000000   0.765000
813.000000   0.766250
814.000000   0.767500
815.000000   0.768750
816.000000   0.770000
817.000000   0.771250
818.000000   0.772500
819.000000   0.773750
820.000000   0.775000
821.000000   0.776250
822.000000   0.777500
823.000000   0.778750
824.000000   0.780000
825.000000   0.781250
826.000000   0.782500
827.000000   0.783750
828.000000   0.785000
829.000000   0.786250
830.000000   0.787500
831.000000   0.788750
832.000000   0.790000
833.000000   0.791250
834.000000   0.792500
835.000000   0.793750
836.000000   0.795000
837.000000   0.796250
838.000000   0.797500
839.000000   0.798750
840.000000   0.800000
841.000000   0.801250
842.000000   0.802500
843.000000   0.803750
844.000000   0.805000
845.000000   0.806250
846.000000   0.807500
847.000000   0.808750
848.000000   0.810000
849.000000   0.811250
850.000000   0.812500
851.000000   0.813750
852.000000   0.815000
853.000000   0.816250
854.000000   0.817500
855.000000   0.818750
856.000000   0.820000
857.000000   0.821250
858.000000   0.822500
859.000000   0.823750
860.000000   0.825000
861.000000   0.826250
862.000000   0.827500
863.000000   0.828750
864.000000   0.830000
865.000000   0.831250
866.000000   0.832500
867.000000   0.833750
868.000000   0.835000
869.000000   0.836250
870.000000   0.837500
871.000000   0.838750
872.000000   0.840000
873.000000   0.841250
874.000000   0.842500
875.000000   0.843750
876.000000   0.845000
877.000000   0.846250
878.000000   0.847500
879.000000   0.848750
880.000000   0.850000
881.000000   0.851250
882.000000   0.852500
883.000000   0.853750
884.000000   0.855000
885.000000   0.856250
886.000000   0.857500
887.000000   0.858750
888.000000   0.860000
889.000000   0.861250
890.000000   0.862500
891.000000   0.863750
892.000000   0.865000
893.000000   0.866250
894.000000   0.867500
895.000000   0.868750
896.000000   0.870000
897.000000   0.871250
898.000000   0.872500
899.000000   0.873750
900.000000   0.875000
901.000000   0.876250
902.000000   0.877500
903.000000   0.878750
904.000000   0.880000
905.000000   0.881250
906.000000   0.882500
907.000000   0.883750
908.000000   0.885000
909.000000   0.886250
910.000000   0.887500
911.000000   0.888750
912.000000   0.890000
913.000000   0.891250
914.000000   0.892500
915.000000   0.893750
916.000000   0.895000
917.000000   0.896250
918.000000   0.897500
919.000000   0.898750
920.000000   0.900000
921.000000   0.901250
922.000000   0.902500
923.000000   0.903750
924.000000   0.905000
925.000000   0.906250
926.000000   0.907500
927.000000   0.908750
928.000000   0.910000
929.000000   0.911250
930.000000   0.912500
931.000000   0.913750
932.000000   0.915000
933.000000   0.916250
934.000000   0.917500
935.000000   0.918750
936.000000   0.920000
937.000000   0.921250
938.000000   0.922500
939.000000   0.923750
940.000000   0.925000
941.000000   0.926250
942.000000   0.927500
943.000000   0.928750
944.000000   0.930000
945.000000   0.931250
946.000000   0.932500
947.000000   0.933750
948.000000   0.935000
949.000000   0.936250
950.000000   0.937500
951.000000   0.938750
952.000000   0.940000
953.000000   0.941250
954.000000   0.942500
955.000000   0.943750
956.000000   0.945000
957.000000   0.946250
958.000000   0.947500
959.000000   0.948750
960.000000   0.950000
961.000000   0.951250
962.000000   0.952500
963.000000   0.953750
964.000000   0.955000
965.000000   0.956250
966.000000   0.957500
967.000000   0.958750
968.000000   0.960000
969.000000   0.961250
970.000000   0.962500
971.000000   0.963750
972.000000   0.965000
973.000000   0.966250
974.000000   0.967500
975.000000   0.968750
976.000000   0.970000
977.000000   0.971250
978.000000   0.972500
979.000000   0.973750
980.000000   0.975000
981.000000   0.976250
982.000000   0.977500
983.000000   0.978750
984.000000   0.980000
985.000000   0.981250
986.000000   0.982500
987.000000   0.983750
988.000000   0.985000
989.000000   0.986250
990.000000   0.987500
991.000000   0.988750
992.000000   0.990000
993.000000   0.991250
994.000000   0.992500
995.000000   0.993750
996.000000   0.995000
997.000000   0.996250
998.000000   0.997500
999.000000   0.998750
1000.000000   1.000000
1001.000000   1.000000
1002.000000   1.000000
1003.000000   1.000000
1004.000000   1.000000
1005.000000   1.000000
1006.000000   1.000000
1007.000000   1.000000
1008.000000   1.000000
1009.000000   1.000000
1010.000000   1.000000
1011.000000   1.000000
1012.000000   1.000000
1013.000000   1.000000
1014.000000   1.000000
1015.000000   1.000000
1016.000000   1.000000
1017.000000   1.000000
1018.000000   1.000000
1019.000000   1.000000
1020.000000   1.000000
1021.000000   1.000000
1022.000000   1.000000
1023.000000   1.000000
1024.000000   1.000000
1025.000000   1.000000
1026.000000   1.000000
1027.000000   1.000000
1028.000000   1.000000
1029.000000   1.000000
1030.000000   1.000000
1031.000000   1.000000
1032.000000   1.000000
1033.000000   1.000000
1034.000000   1.000000
1035.000000   1.000000
1036.000000   1.000000
1037.000000   1.000000
1038.000000   1.000000
1039.000000   1.000000
1040.000000   1.000000
1041.000000   1.000000
1042.000000   1.000000
1043.000000   1.000000
1044.000000   1.000000
1045.000000   1.000000
1046.000000   1.000000
1047.000000   1.000000
1048.000000   1.000000
1049.000000   1.000000
1050.000000   1.000000
1051.000000   1.000000
1052.000000   1.000000
1053.000000   1.000000
1054.000000   1.000000
1055.000000   1.000000
1056.000000   1.000000
1057.000000   1.000000
1058.000000   1.000000
1059.000000   1.000000
1060.000000   1.000000
1061.000000   1.000000
1062.000000   1.000000
1063.000000   1.000000
1064.000000   1.000000
1065.000000   1.000000
1066.000000   1.000000
1067.000000   1.000000
1068.000000   1.000000
1069.000000   1.000000
1070.000000   1.000000
1071.000000   1.000000
1072.000000   1.000000
1073.000000   1.000000
1074.000000   1.000000
1075.000000   1.000000
1076.000000   1.000000
1077.000000   1.000000
1078.000000   1.000000
1079.000000   1.000000
1080.000000   1.000000
1081.000000   1.000000
1082.000000   1.000000
1083.000000   1.000000
1084.000000   1.000000
1085.000000   1.000000
1086.000000   1.000000
1087.000000   1.000000
1088.000000   1.000000
1089.000000   1.000000
1090.000000   1.000000
1091.000000   1.000000
1092.000000   1.000000
1093.000000   1.000000
1094.000000   1.000000
1095.000000   1.000000
1096.000000   1.000000
1097.000000   1.000000
1098.000000   1.000000
1099.000000   1.000000
1100.000000   1.000000
1101.000000   1.000000
1102.000000   1.000000
1103.000000   1.000000
1104.000000   1.000000
1105.000000   1.000000
1106.000000   1.000000
1107.000000   1.000000
1108.000000   1.000000
1109.000000   1.000000
1110.000000   1.000000
1111.000000   1.000000
1112.000000   1.000000
1113.000000   1.000000
1114.000000   1.000000
1115.000000   1.000000
1116.000000   1.000000
1117.000000   1.000000
1118.000000   1.000000
1119.000000   1.000000
1120.000000   1.000000
1121.000000   1.000000
1122.000000   1.000000
1123.000000   1.000000
1124.000000   1.000000
1125.000000   1.000000
1126.000000   1.000000
1127.000000   1.000000
1128.000000   1.000000
1129.000000   1.000000
1130.000000   1.000000
1131.000000   1.000000
1132.000000   1.000000
1133.000000   1.000000
1134.000000   1.000000
1135.000000   1.000000
1136.000000   1.000000
1137.000000   1.000000
1138.000000   1.000000
1139.000000   1.000000
1140.000000   1.000000
1141.000000   1.000000
1142.000000   1.000000
1143.000000   1.000000
1144.000000   1.000000
1145.000000   1.000000
1146.000000   1.000000
1147.000000   1.000000
1148.000000   1.000000
1149.000000   1.000000
1150.000000   1.000000
1151.000000   1.000000
1152.000000   1.000000
1153.000000   1.000000
1154.000000   1.000000
1155.000000   1.000000
1156.000000   1.000000
1157.000000   1.000000
1158.000000   1.000000
1159.000000   1.000000
1160.000000   1.000000
1161.000000   1.000000
1162.000000   1.000000
1163.000000   1.000000
1164.000000   1.000000
1165.000000   1.000000
1166.000000   1.000000
1167.000000   1.000000
1168.000000   1.000000
1169.000000   1.000000
1170.000000   1.000000
1171.000000   1.000000
1172.000000   1.000000
1173.000000   1.000000
1174.000000   1.000000
1175.000000   1.000000
1176.000000   1.000000
1177.000000   1.000000
1178.000000   1.000000
1179.000000   1.000000
1180.000000   1.000000
1181.000000   1.000000
1182.000000   1.000000
1183.000000   1.000000
1184.000000   1.000000
1185.000000   1.000000
1186.000000   1.000000
1187.000000   1.000000
1188.000000   1.000000
1189.000000   1.000000
1190.000000   1.000000
1191.000000   1.000000
1192.000000   1.000000
1193.000000   1.000000
1194.000000   1.000000
1195.000000   1.000000
1196.000000   1.000000
1197.000000   1.000000
1198.000000   1.000000
1199.000000   1.000000
1200.000000   1.000000
1201.000000   1.000000
1202.000000   1.000000
1203.000000   1.000000
1204.000000   1.000000
1205.000000   1.000000
1206.000000   1.000000
1207.000000   1.000000
1208.000000   1.000000
1209.000000   1.000000
1210.000000   1.000000
1211.000000   1.000000
1212.000000   1.000000
1213.000000   1.000000
1214.000000   1.000000
1215.000000   1.000000
1216.000000   1.000000
1217.000000   1.000000
1218.000000   1.000000
1219.000000   1.000000
1220.000000   1.000000
1221.000000   1.000000
1222.000000   1.000000
1223.000000   1.000000
1224.000000   1.000000
1225.000000   1.000000
1226.000000   1.000000
1227.000000   1.000000
1228.000000   1.000000
1229.000000   1.000000
1230.000000   1.000000
1231.000000   1.000000
1232.000000   1.000000
1233.000000   1.000000
1234.000000   1.000000
1235.000000   1.000000
1236.000000   1.000000
1237.000000   1.000000
1238.000000   1.000000
1239.000000   1.000000
1240.000000   1.000000
1241.000000   1.000000
1242.000000   1.000000
1243.000000   1.000000
1244.000000   1.000000
1245.000000   1.000000
1246.000000   1.000000
1247.000000   1.000000
1248.000000   1.000000
1249.000000   1.000000
1250.000000   1.000000
1251.000000   1.000000
1252.000000   1.000000
1253.000000   1.000000
1254.000000   1.000000
1255.000000   1.000000
1256.000000   1.000000
1257.000000   1.000000
1258.000000   1.000000
1259.000000   1.000000
1260.000000   1.000000
1261.000000   1.000000
1262.000000   1.000000
1263.000000   1.000000
1264.000000   1.000000
1265.000000   1.000000
1266.000000   1.000000
1267.000000   1.000000
1268.000000   1.000000
1269.000000   1.000000
1270.000000   1.000000
1271.000000   1.000000
1272.000000   1.000000
1273.000000   1.000000
1274.000000   1.000000
1275.000000   1.000000
1276.000000   1.000000
1277.000000   1.000000
1278.000000   1.000000
1279.000000   1.000000
1280.000000   1.000000
1281.000000   1.000000
1282.000000   1.000000
1283.000000   1.000000
1284.000000   1.000000
1285.000000   1.000000
1286.000000   1.000000
1287.000000   1.000000
1288.000000   1.000000
1289.000000   1.000000
1290.000000   1.000000
1291.000000   1.000000
1292.000000   1.000000
1293.000000   1.000000
1294.000000   1.000000
1295.000000   1.000000
1296.000000   1.000000
1297.000000   1.000000
1298.000000   1.000000
1299.000000   1.000000
1300.000000   1.000000
1301.000000   1.000000
1302.000000   1.000000
1303.000000   1.000000
1304.000000   1.000000
1305.000000   1.000000
1306.000000   1.000000
1307.000000   1.000000
1308.000000   1.000000
1309.000000   1.000000
1310.000000   1.000000
1311.000000   1.000000
1312.000000   1.000000
1313.000000   1.000000
1314.000000   1.000000
1315.000000   1.000000
1316.000000   1.000000
1317.000000   1.000000
1318.000000   1.000000
1319.000000   1.000000
1320.000000   1.000000
1321.000000   1.000000
1322.000000   1.000000
1323.000000   1.000000
1324.000000   1.000000
1325.000000   1.000000
1326.000000   1.000000
1327.000000   1.000000
1328.000000   1.000000
1329.000000   1.000000
1330.000000   1.000000
1331.000000   1.000000
1332.000000   1.000000
1333.000000   1.000000
1334.000000   1.000000
1335.000000   1.000000
1336.000000   1.000000
1337.000000   1.000000
1338.000000   1.000000
1339.000000   1.000000
1340.000000   1.000000
1341.000000   1.000000
1342.000000   1.000000
1343.000000   1.000000
1344.000000   1.000000
1345.000000   1.000000
1346.000000   1.000000
1347.000000   1.000000
1348.000000   1.000000
1349.000000   1.000000
1350.000000   1.000000
1351.000000   1.000000
1352.000000   1.000000
1353.000000   1.000000
1354.000000   1.000000
1355.000000   1.000000
1356.000000   1.000000
1357.000000   1.000000
1358.000000   1.000000
1359.000000   1.000000
1360.000000   1.000000
1361.000000   1.000000
1362.000000   1.000000
1363.000000   1.000000
1364.000000   1.000000
1365.000000   1.000000
1366.000000   1.000000
1367.000000   1.000000
1368.000000   1.000000
1369.000000   1.000000
1370.000000   1.000000
1371.000000   1.000000
1372.000000   1.000000
1373.000000   1.000000
1374.000000   1.000000
1375.000000   1.000000
1376.000000   1.000000
1377.000000   1.000000
1378.000000   1.000000
1379.000000   1.000000
1380.000000   1.000000
1381.000000   1.000000
1382.000000   1.000000
1383.000000   1.000000
1384.000000   1.000000
1385.000000   1.000000
1386.000000   1.000000
1387.000000   1.000000
1388.000000   1.000000
1389.000000   1.000000
1390.000000   1.000000
1391.000000   1.000000
1392.000000   1.000000
1393.000000   1.000000
1394.000000   1.000000
1395.000000   1.000000
1396.000000   1.000000
1397.000000   1.000000
1398.000000   1.000000
1399.000000   1.000000
1400.000000   1.000000
1401.000000   1.000000
1402.000000   1.000000
1403.000000   1.000000
1404.000000   1.000000
1405.000000   1.000000
1406.000000   1.000000
1407.000000   1.000000
1408.000000   1.000000
1409.000000   1.000000
1410.000000   1.000000
1411.000000   1.000000
1412.000000   1.000000
1413.000000   1.000000
1414.000000   1.000000
1415.000000   1.000000
1416.000000   1.000000
1417.000000   1.000000
1418.000000   1.000000
1419.000000   1.000000
1420.000000   1.000000
1421.000000   1.000000
1422.000000   1.000000
1423.000000   1.000000
1424.000000   1.000000
1425.000000   1.000000
1426.000000   1.000000
1427.000000   1.000000
1428.000000   1.000000
1429.000000   1.000000
1430.000000   1.000000
1431.000000   1.000000
1432.000000   1.000000
1433.000000   1.000000
1434.000000   1.000000
1435.000000   1.000000
1436.000000   1.000000
1437.000000   1.000000
1438.000000   1.000000
1439.000000   1.000000
1440.000000   1.000000
1441.000000   1.000000
1442.000000   1.000000
1443.000000   1.000000
1444.000000   1.000000
1445.000000   1.000000
1446.000000   1.000000
1447.000000   1.000000
1448.000000   1.000000
1449.000000   1.000000
1450.000000   1.000000
1451.000000   1.000000
1452.000000   1.000000
1453.000000   1.000000
1454.000000   1.000000
1455.000000   1.000000
1456.000000   1.000000
1457.000000   1.000000
1458.000000   1.000000
1459.000000   1.000000
1460.000000   1.000000
1461.000000   1.000000
1462.000000   1.000000
1463.000000   1.000000
1464.000000   1.000000
1465.000000   1.000000
1466.000000   1.000000
1467.000000   1.000000
1468.000000   1.000000
1469.000000   1.000000
1470.000000   1.000000
1471.000000   1.000000
1472.000000   1.000000
1473.000000   1.000000
1474.000000   1.000000
1475.000000   1.000000
1476.000000   1.000000
1477.000000   1.000000
1478.000000   1.000000
1479.000000   1.000000
1480.000000   1.000000
1481.000000   1.000000
1482.000000   1.000000
1483.000000   1.000000
1484.000000   1.000000
1485.000000   1.000000
1486.000000   1.000000
1487.000000   1.000000
1488.000000   1.000000
1489.000000   1.000000
1490.000000   1.000000
1491.000000   1.000000
1492.000000   1.000000
1493.000000   1.000000
1494.000000   1.000000
1495.000000   1.000000
1496.000000   1.000000
1497.000000   1.000000
1498.000000   1.000000
1499.000000   1.000000
1500.000000   1.000000
1501.000000   1.000000
1502.000000   1.000000
1503.000000   1.000000
1504.000000   1.000000
1505.000000   1.000000
1506.000000   1.000000
1507.000000   1.000000
1508.000000   1.000000
1509.000000   1.000000
1510.000000   1.000000
1511.000000   1.000000
1512.000000   1.000000
1513.000000   1.000000
1514.000000   1.000000
1515.000000   1.000000
1516.000000   1.000000
1517.000000   1.000000
1518.000000   1.000000
1519.000000   1.000000
1520.000000   1.000000
1521.000000   1.000000
1522.000000   1.000000
1523.000000   1.000000
1524.000000   1.000000
1525.000000   1.000000
1526.000000   1.000000
1527.000000   1.000000
1528.000000   1.000000
1529.000000   1.000000
1530.000000   1.000000
1531.000000   1.000000
1532.000000   1.000000
1533.000000   1.000000
1534.000000   1.000000
1535.000000   1.000000
1536.000000   1.000000
1537.000000   1.000000
1538.000000   1.000000
1539.000000   1.000000
1540.000000   1.000000
1541.000000   1.000000
1542.000000   1.000000
1543.000000   1.000000
1544.000000   1.000000
1545.000000   1.000000
1546.000000   1.000000
1547.000000   1.000000
1548.000000   1.000000
1549.000000   1.000000
1550.000000   1.000000
1551.000000   1.000000
1552.000000   1.000000
1553.000000   1.000000
1554.000000   1.000000
1555.000000   1.000000
1556.000000   1.000000
1557.000000   1.000000
1558.000000   1.000000
1559.000000   1.000000
1560.000000   1.000000
1561.000000   1.000000
1562.000000   1.000000
1563.000000   1.000000
1564.000000   1.000000
1565.000000   1.000000
1566.000000   1.000000
1567.000000   1.000000
1568.000000   1.000000
1569.000000   1.000000
1570.000000   1.000000
1571.000000   1.000000
1572.000000   1.000000
1573.000000   1.000000
1574.000000   1.000000
1575.000000   1.000000
1576.000000   1.000000
1577.000000   1.000000
1578.000000   1.000000
1579.000000   1.000000
1580.000000   1.000000
1581.000000   1.000000
1582.000000   1.000000
1583.000000   1.000000
1584.000000   1.000000
1585.000000   1.000000
1586.000000   1.000000
1587.000000   1.000000
1588.000000   1.000000
1589.000000   1.000000
1590.000000   1.000000
1591.000000   1.000000
1592.000000   1.000000
1593.000000   1.000000
1594.000000   1.000000
1595.000000   1.000000
1596.000000   1.000000
1597.000000   1.000000
1598.000000   1.000000
1599.000000   1.000000
1600.000000   1.000000
1601.000000   1.000000
1602.000000   1.000000
1603.000000   1.000000
1604.000000   1.000000
1605.000000   1.000000
1606.000000   1.000000
1607.000000   1.000000
1608.000000   1.000000
1609.000000   1.000000
1610.000000   1.000000
1611.000000   1.000000
1612.000000   1.000000
1613.000000   1.000000
1614.000000   1.000000
1615.000000   1.000000
1616.000000   1.000000
1617.000000   1.000000
1618.000000   1.000000
1619.000000   1.000000
1620.000000   1.000000
1621.000000   1.000000
1622.000000   1.000000
1623.000000   1.000000
1624.000000   1.000000
1625.000000   1.000000
1626.000000   1.000000
1627.000000   1.000000
1628.000000   1.000000
1629.000000   1.000000
1630.000000   1.000000
1631.000000   1.000000
1632.000000   1.000000
1633.000000   1.000000
1634.000000   1.000000
1635.000000   1.000000
1636.000000   1.000000
1637.000000   1.000000
1638.000000   1.000000
1639.000000   1.000000
1640.000000   1.000000
1641.000000   1.000000
1642.000000   1.000000
1643.000000   1.000000
1644.000000   1.000000
1645.000000   1.000000
1646.000000   1.000000
1647.000000   1.000000
1648.000000   1.000000
1649.000000   1.000000
1650.000000   1.000000
1651.000000   1.000000
1652.000000   1.000000
1653.000000   1.000000
1654.000000   1.000000
1655.000000   1.000000
1656.000000   1.000000
1657.000000   1.000000
1658.000000   1.000000
1659.000000   1.000000
1660.000000   1.000000
1661.000000   1.000000
1662.000000   1.000000
1663.000000   1.000000
1664.000000   1.000000
1665.000000   1.000000
1666.000000   1.000000
1667.000000   1.000000
1668.000000   1.000000
1669.000000   1.000000
1670.000000   1.000000
1671.000000   1.000000
1672.000000   1.000000
1673.000000   1.000000
1674.000000   1.000000
1675.000000   1.000000
1676.000000   1.000000
1677.000000   1.000000
1678.000000   1.000000
1679.000000   1.000000
1680.000000   1.000000
1681.000000   1.000000
1682.000000   1.000000
1683.000000   1.000000
1684.000000   1.000000
1685.000000   1.000000
1686.000000   1.000000
1687.000000   1.000000
1688.000000   1.000000
1689.000000   1.000000
1690.000000   1.000000
1691.000000   1.000000
1692.000000   1.000000
1693.000000   1.000000
1694.000000   1.000000
1695.000000   1.000000
1696.000000   1.000000
1697.000000   1.000000
1698.000000   1.000000
1699.000000   1.000000
1700.000000   1.000000
1701.000000   1.000000
1702.000000   1.000000
1703.000000   1.000000
1704.000000   1.000000
1705.000000   1.000000
1706.000000   1.000000
1707.000000   1.000000
1708.000000   1.000000
1709.000000   1.000000
1710.000000   1.000000
1711.000000   1.000000
1712.000000   1.000000
1713.000000   1.000000
1714.000000   1.000000
1715.000000   1.000000
1716.000000   1.000000
1717.000000   1.000000
1718.000000   1.000000
1719.000000   1.000000
1720.000000   1.000000
1721.000000   1.000000
1722.000000   1.000000
1723.000000   1.000000
1724.000000   1.000000
1725.000000   1.000000
1726.000000   1.000000
1727.000000   1.000000
1728.000000   1.000000
1729.000000   1.000000
1730.000000   1.000000
1731.000000   1.000000
1732.000000   1.000000
1733.000000   1.000000
1734.000000   1.000000
1735.000000   1.000000
1736.000000   1.000000
1737.000000   1.000000
1738.000000   1.000000
1739.000000   1.000000
1740.000000   1.000000
1741.000000   1.000000
1742.000000   1.000000
1743.000000   1.000000
1744.000000   1.000000
1745.000000   1.000000
1746.000000   1.000000
1747.000000   1.000000
1748.000000   1.000000
1749.000000   1.000000
1750.000000   1.000000
1751.000000   1.000000
1752.000000   1.000000
1753.000000   1.000000
1754.000000   1.000000
1755.000000   1.000000
1756.000000   1.000000
1757.000000   1.000000
1758.000000   1.000000
1759.000000   1.000000
1760.000000   1.000000
1761.000000   1.000000
1762.000000   1.000000
1763.000000   1.000000
1764.000000   1.000000
1765.000000   1.000000
1766.000000   1.000000
1767.000000   1.000000
1768.000000   1.000000
1769.000000   1.000000
1770.000000   1.000000
1771.000000   1.000000
1772.000000   1.000000
1773.000000   1.000000
1774.000000   1.000000
1775.000000   1.000000
1776.000000   1.000000
1777.000000   1.000000
1778.000000   1.000000
1779.000000   1.000000
1780.000000   1.000000
1781.000000   1.000000
1782.000000   1.000000
1783.000000   1.000000
1784.000000   1.000000
1785.000000   1.000000
1786.000000   1.000000
1787.000000   1.000000
1788.000000   1.000000
1789.000000   1.000000
1790.000000   1.000000
1791.000000   1.000000
1792.000000   1.000000
1793.000000   1.000000
1794.000000   1.000000
1795.000000   1.000000
1796.000000   1.000000
1797.000000   1.000000
1798.000000   1.000000
1799.000000   1.000000
1800.000000   1.000000
1801.000000   1.000000
1802.000000   1.000000
1803.000000   1.000000
1804.000000   1.000000
1805.000000   1.000000
1806.000000   1.000000
1807.000000   1.000000
1808.000000   1.000000
1809.000000   1.000000
1810.000000   1.000000
1811.000000   1.000000
1812.000000   1.000000
1813.000000   1.000000
1814.000000   1.000000
1815.000000   1.000000
1816.000000   1.000000
1817.000000   1.000000
1818.000000   1.000000
1819.000000   1.000000
1820.000000   1.000000
1821.000000   1.000000
1822.000000   1.000000
1823.000000   1.000000
1824.000000   1.000000
1825.000000   1.000000
1826.000000   1.000000
1827.000000   1.000000
1828.000000   1.000000
1829.000000   1.000000
1830.000000   1.000000
1831.000000   1.000000
1832.000000   1.000000
1833.000000   1.000000
1834.000000   1.000000
1835.000000   1.000000
1836.000000   1.000000
1837.000000   1.000000
1838.000000   1.000000
1839.000000   1.000000
1840.000000   1.000000
1841.000000   1.000000
1842.000000   1.000000
1843.000000   1.000000
1844.000000   1.000000
1845.000000   1.000000
1846.000000   1.000000
1847.000000   1.000000
1848.000000   1.000000
1849.000000   1.000000
1850.000000   1.000000
1851.000000   1.000000
1852.000000   1.000000
1853.000000   1.000000
1854.000000   1.000000
1855.000000   1.000000
1856.000000   1.000000
1857.000000   1.000000
1858.000000   1.000000
1859.000000   1.000000
1860.000000   1.000000
1861.000000   1.000000
1862.000000   1.000000
1863.000000   1.000000
1864.000000   1.000000
1865.000000   1.000000
1866.000000   1.000000
1867.000000   1.000000
1868.000000   1.000000
1869.000000   1.000000
1870.000000   1.000000
1871.000000   1.000000
1872.000000   1.000000
1873.000000   1.000000
1874.000000   1.000000
1875.000000   1.000000
1876.000000   1.000000
1877.000000   1.000000
1878.000000   1.000000
1879.000000   1.000000
1880.000000   1.000000
1881.000000   1.000000
1882.000000   1.000000
1883.000000   1.000000
1884.000000   1.000000
1885.000000   1.000000
1886.000000   1.000000
1887.000000   1.000000
1888.000000   1.000000
1889.000000   1.000000
1890.000000   1.000000
1891.000000   1.000000
1892.000000   1.000000
1893.000000   1.000000
1894.000000   1.000000
1895.000000   1.000000
1896.000000   1.000000
1897.000000   1.000000
1898.000000   1.000000
1899.000000   1.000000
1900.000000   1.000000
1901.000000   1.000000
1902.000000   1.000000
1903.000000   1.000000
1904.000000   1.000000
1905.000000   1.000000
1906.000000   1.000000
1907.000000   1.000000
1908.000000   1.000000
1909.000000   1.000000
1910.000000   1.000000
1911.000000   1.000000
1912.000000   1.000000
1913.000000   1.000000
1914.000000   1.000000
1915.000000   1.000000
1916.000000   1.000000
1917.000000   1.000000
1918.000000   1.000000
1919.000000   1.000000
1920.000000   1.000000
1921.000000   1.000000
1922.000000   1.000000
1923.000000   1.000000
1924.000000   1.000000
1925.000000   1.000000
1926.000000   1.000000
1927.000000   1.000000
1928.000000   1.000000
1929.000000   1.000000
1930.000000   1.000000
1931.000000   1.000000
1932.000000   1.000000
1933.000000   1.000000
1934.000000   1.000000
1935.000000   1.000000
1936.000000   1.000000
1937.000000   1.000000
1938.000000   1.000000
1939.000000   1.000000
1940.000000   1.000000
1941.000000   1.000000
1942.000000   1.000000
1943.000000   1.000000
1944.000000   1.000000
1945.000000   1.000000
1946.000000   1.000000
1947.000000   1.000000
1948.000000   1.000000
1949.000000   1.000000
1950.000000   1.000000
1951.000000   1.000000
1952.000000   1.000000
1953.000000   1.000000
1954.000000   1.000000
1955.000000   1.000000
1956.000000   1.000000
1957.000000   1.000000
1958.000000   1.000000
1959.000000   1.000000
1960.000000   1.000000
1961.000000   1.000000
1962.000000   1.000000
1963.000000   1.000000
1964.000000   1.000000
1965.000000   1.000000
1966.000000   1.000000
1967.000000   1.000000
1968.000000   1.000000
1969.000000   1.000000
1970.000000   1.000000
1971.000000   1.000000
1972.000000   1.000000
1973.000000   1.000000
1974.000000   1.000000
1975.000000   1.000000
1976.000000   1.000000
1977.000000   1.000000
1978.000000   1.000000
1979.000000   1.000000
1980.000000   1.000000
1981.000000   1.000000
1982.000000   1.000000
1983.000000   1.000000
1984.000000   1.000000
1985.000000   1.000000
1986.000000   1.000000
1987.000000   1.000000
1988.000000   1.000000
1989.000000   1.000000
1990.000000   1.000000
1991.000000   1.000000
1992.000000   1.000000
1993.000000   1.000000
1994.000000   1.000000
1995.000000   1.000000
1996.000000   1.000000
1997.000000   1.000000
1998.000000   1.000000
1999.000000   1.000000
2000.000000   1.000000
2001.000000   1.000000
2002.000000   1.000000
2003.000000   1.000000
2004.000000   1.000000
2005.000000   1.000000
2006.000000   1.000000
2007.000000   1.000000
2008.000000   1.000000
2009.000000   1.000000
2010.000000   1.000000
2011.000000   1.000000
2012.000000   1.000000
2013.000000   1.000000
2014.000000   1.000000
2015.000000   1.000000
2016.000000   1.000000
2017.000000   1.000000
2018.000000   1.000000
2019.000000   1.000000
2020.000000   1.000000
2021.000000   1.000000
2022.000000   1.000000
2023.000000   1.000000
2024.000000   1.000000
2025.000000   1.000000
2026.000000   1.000000
2027.000000   1.000000
2028.000000   1.000000
2029.000000   1.000000
2030.000000   1.000000
2031.000000   1.000000
2032.000000   1.000000
2033.000000   1.000000
2034.000000   1.000000
2035.000000   1.000000
2036.000000   1.000000
2037.000000   1.000000
2038.000000   1.000000
2039.000000   1.000000
2040.000000   1.000000
2041.000000   1.000000
2042.000000   1.000000
2043.000000   1.000000
2044.000000   1.000000
2045.000000   1.000000
2046.000000   1.000000
2047.000000   1.000000
2048.000000   1.000000
2049.000000   1.000000
2050.000000   1.000000
2051.000000   1.000000
2052.000000   1.000000
2053.000000   1.000000
2054.000000   1.000000
2055.000000   1.000000
2056.000000   1.000000
2057.000000   1.000000
2058.000000   1.000000
2059.000000   1.000000
2060.000000   1.000000
2061.000000   1.000000
2062.000000   1.000000
2063.000000   1.000000
2064.000000   1.000000
2065.000000   1.000000
2066.000000   1.000000
2067.000000   1.000000
2068.000000   1.000000
2069.000000   1.000000
2070.000000   1.000000
2071.000000   1.000000
2072.000000   1.000000
2073.000000   1.000000
2074.000000   1.000000
2075.000000   1.000000
2076.000000   1.000000
2077.000000   1.000000
2078.000000   1.000000
2079.000000   1.000000
2080.000000   1.000000
2081.000000   1.000000
2082.000000   1.000000
2083.000000   1.000000
2084.000000   1.000000
2085.000000   1.000000
2086.000000   1.000000
2087.000000   1.000000
2088.000000   1.000000
2089.000000   1.000000
2090.000000   1.000000
2091.000000   1.000000
2092.000000   1.000000
2093.000000   1.000000
2094.000000   1.000000
2095.000000   1.000000
2096.000000   1.000000
2097.000000   1.000000
2098.000000   1.000000
2099.000000   1.000000
2100.000000   1.000000
2101.000000   1.000000
2102.000000   1.000000
2103.000000   1.000000
2104.000000   1.000000
2105.000000   1.000000
2106.000000   1.000000
2107.000000   1.000000
2108.000000   1.000000
2109.000000   1.000000
2110.000000   1.000000
2111.000000   1.000000
2112.000000   1.000000
2113.000000   1.000000
2114.000000   1.000000
2115.000000   1.000000
2116.000000   1.000000
2117.000000   1.000000
2118.000000   1.000000
2119.000000   1.000000
2120.000000   1.000000
2121.000000   1.000000
2122.000000   1.000000
2123.000000   1.000000
2124.000000   1.000000
2125.000000   1.000000
2126.000000   1.000000
2127.000000   1.000000
2128.000000   1.000000
2129.000000   1.000000
2130.000000   1.000000
2131.000000   1.000000
2132.000000   1.000000
2133.000000   1.000000
2134.000000   1.000000
2135.000000   1.000000
2136.000000   1.000000
2137.000000   1.000000
2138.000000   1.000000
2139.000000   1.000000
2140.000000   1.000000
2141.000000   1.000000
2142.000000   1.000000
2143.000000   1.000000
2144.000000   1.000000
2145.000000   1.000000
2146.000000   1.000000
2147.000000   1.000000
2148.000000   1.000000
2149.000000   1.000000
2150.000000   1.000000
2151.000000   1.000000
2152.000000   1.000000
2153.000000   1.000000
2154.000000   1.000000
2155.000000   1.000000
2156.000000   1.000000
2157.000000   1.000000
2158.000000   1.000000
2159.000000   1.000000
2160.000000   1.000000
2161.000000   1.000000
2162.000000   1.000000
2163.000000   1.000000
2164.000000   1.000000
2165.000000   1.000000
2166.000000   1.000000
2167.000000   1.000000
2168.000000   1.000000
2169.000000   1.000000
2170.000000   1.000000
2171.000000   1.000000
2172.000000   1.000000
2173.000000   1.000000
2174.000000   1.000000
2175.000000   1.000000
2176.000000   1.000000
2177.000000   1.000000
2178.000000   1.000000
2179.000000   1.000000
2180.000000   1.000000
2181.000000   1.000000
2182.000000   1.000000
2183.000000   1.000000
2184.000000   1.000000
2185.000000   1.000000
2186.000000   1.000000
2187.000000   1.000000
2188.000000   1.000000
2189.000000   1.000000
2190.000000   1.000000
2191.000000   1.000000
2192.000000   1.000000
2193.000000   1.000000
2194.000000   1.000000
2195.000000   1.000000
2196.000000   1.000000
2197.000000   1.000000
2198.000000   1.000000
2199.000000   1.000000
2200.000000   1.000000
2201.000000   1.000000
2202.000000   1.000000
2203.000000   1.000000
2204.000000   1.000000
2205.000000   1.000000
2206.000000   1.000000
2207.000000   1.000000
2208.000000   1.000000
2209.000000   1.000000
2210.000000   1.000000
2211.000000   1.000000
2212.000000   1.000000
2213.000000   1.000000
2214.000000   1.000000
2215.000000   1.000000
2216.000000   1.000000
2217.000000   1.000000
2218.000000   1.000000
2219.000000   1.000000
2220.000000   1.000000
2221.000000   1.000000
2222.000000   1.000000
2223.000000   1.000000
2224.000000   1.000000
2225.000000   1.000000
2226.000000   1.000000
2227.000000   1.000000
2228.000000   1.000000
2229.000000   1.000000
2230.000000   1.000000
2231.000000   1.000000
2232.000000   1.000000
2233.000000   1.000000
2234.000000   1.000000
2235.000000   1.000000
2236.000000   1.000000
2237.000000   1.000000
2238.000000   1.000000
2239.000000   1.000000
2240.000000   1.000000
2241.000000   1.000000
2242.000000   1.000000
2243.000000   1.000000
2244.000000   1.000000
2245.000000   1.000000
2246.000000   1.000000
2247.000000   1.000000
2248.000000   1.000000
2249.000000   1.000000
2250.000000   1.000000
2251.000000   1.000000
2252.000000   1.000000
2253.000000   1.000000
2254.000000   1.000000
2255.000000   1.000000
2256.000000   1.000000
2257.000000   1.000000
2258.000000   1.000000
2259.000000   1.000000
2260.000000   1.000000
2261.000000   1.000000
2262.000000   1.000000
2263.000000   1.000000
2264.000000   1.000000
2265.000000   1.000000
2266.000000   1.000000
2267.000000   1.000000
2268.000000   1.000000
2269.000000   1.000000
2270.000000   1.000000
2271.000000   1.000000
2272.000000   1.000000
2273.000000   1.000000
2274.000000   1.000000
2275.000000   1.000000
2276.000000   1.000000
2277.000000   1.000000
2278.000000   1.000000
2279.000000   1.000000
2280.000000   1.000000
2281.000000   1.000000
2282.000000   1.000000
2283.000000   1.000000
2284.000000   1.000000
2285.000000   1.000000
2286.000000   1.000000
2287.000000   1.000000
2288.000000   1.000000
2289.000000   1.000000
2290.000000   1.000000
2291.000000   1.000000
2292.000000   1.000000
2293.000000   1.000000
2294.000000   1.000000
2295.000000   1.000000
2296.000000   1.000000
2297.000000   1.000000
2298.000000   1.000000
2299.000000   1.000000
2300.000000   1.000000
2301.000000   1.000000
2302.000000   1.000000
2303.000000   1.000000
2304.000000   1.000000
2305.000000   1.000000
2306.000000   1.000000
2307.000000   1.000000
2308.000000   1.000000
2309.000000   1.000000
2310.000000   1.000000
2311.000000   1.000000
2312.000000   1.000000
2313.000000   1.000000
2314.000000   1.000000
2315.000000   1.000000
2316.000000   1.000000
2317.000000   1.000000
2318.000000   1.000000
2319.000000   1.000000
2320.000000   1.000000
2321.000000   1.000000
2322.000000   1.000000
2323.000000   1.000000
2324.000000   1.000000
2325.000000   1.000000
2326.000000   1.000000
2327.000000   1.000000
2328.000000   1.000000
2329.000000   1.000000
2330.000000   1.000000
2331.000000   1.000000
2332.000000   1.000000
2333.000000   1.000000
2334.000000   1.000000
2335.000000   1.000000
2336.000000   1.000000
2337.000000   1.000000
2338.000000   1.000000
2339.000000   1.000000
2340.000000   1.000000
2341.000000   1.000000
2342.000000   1.000000
2343.000000   1.000000
2344.000000   1.000000
2345.000000   1.000000
2346.000000   1.000000
2347.000000   1.000000
2348.000000   1.000000
2349.000000   1.000000
2350.000000   1.000000
2351.000000   1.000000
2352.000000   1.000000
2353.000000   1.000000
2354.000000   1.000000
2355.000000   1.000000
2356.000000   1.000000
2357.000000   1.000000
2358.000000   1.000000
2359.000000   1.000000
2360.000000   1.000000
2361.000000   1.000000
2362.000000   1.000000
2363.000000   1.000000
2364.000000   1.000000
2365.000000   1.000000
2366.000000   1.000000
2367.000000   1.000000
2368.000000   1.000000
2369.000000   1.000000
2370.000000   1.000000
2371.000000   1.000000
2372.000000   1.000000
2373.000000   1.000000
2374.000000   1.000000
2375.000000   1.000000
2376.000000   1.000000
2377.000000   1.000000
2378.000000   1.000000
2379.000000   1.000000
2380.000000   1.000000
2381.000000   1.000000
2382.000000   1.000000
2383.000000   1.000000
2384.000000   1.000000
2385.000000   1.000000
2386.000000   1.000000
2387.000000   1.000000
2388.000000   1.000000
2389.000000   1.000000
2390.000000   1.000000
2391.000000   1.000000
2392.000000   1.000000
2393.000000   1.000000
2394.000000   1.000000
2395.000000   1.000000
2396.000000   1.000000
2397.000000   1.000000
2398.000000   1.000000
2399.000000   1.000000
2400.000000   1.000000
2401.000000   1.000000
2402.000000   1.000000
2403.000000   1.000000
2404.000000   1.000000
2405.000000   1.000000
2406.000000   1.000000
2407.000000   1.000000
2408.000000   1.000000
2409.000000   1.000000
2410.000000   1.000000
2411.000000   1.000000
2412.000000   1.000000
2413.000000   1.000000
2414.000000   1.000000
2415.000000   1.000000
2416.000000   1.000000
2417.000000   1.000000
2418.000000   1.000000
2419.000000   1.000000
2420.000000   1.000000
2421.000000   1.000000
2422.000000   1.000000
2423.000000   1.000000
2424.000000   1.000000
2425.000000   1.000000
2426.000000   1.000000
2427.000000   1.000000
2428.000000   1.000000
2429.000000   1.000000
2430.000000   1.000000
2431.000000   1.000000
2432.000000   1.000000
2433.000000   1.000000
2434.000000   1.000000
2435.000000   1.000000
2436.000000   1.000000
2437.000000   1.000000
2438.000000   1.000000
2439.000000   1.000000
2440.000000   1.000000
2441.000000   1.000000
2442.000000   1.000000
2443.000000   1.000000
2444.000000   1.000000
2445.000000   1.000000
2446.000000   1.000000
2447.000000   1.000000
2448.000000   1.000000
2449.000000   1.000000
2450.000000   1.000000
2451.000000   1.000000
2452.000000   1.000000
2453.000000   1.000000
2454.000000   1.000000
2455.000000   1.000000
2456.000000   1.000000
2457.000000   1.000000
2458.000000   1.000000
2459.000000   1.000000
2460.000000   1.000000
2461.000000   1.000000
2462.000000   1.000000
2463.000000   1.000000
2464.000000   1.000000
2465.000000   1.000000
2466.000000   1.000000
2467.000000   1.000000
2468.000000   1.000000
2469.000000   1.000000
2470.000000   1.000000
2471.000000   1.000000
2472.000000   1.000000
2473.000000   1.000000
2474.000000   1.000000
2475.000000   1.000000
2476.000000   1.000000
2477.000000   1.000000
2478.000000   1.000000
2479.000000   1.000000
2480.000000   1.000000
2481.000000   1.000000
2482.000000   1.000000
2483.000000   1.000000
2484.000000   1.000000
2485.000000   1.000000
2486.000000   1.000000
2487.000000   1.000000
2488.000000   1.000000
2489.000000   1.000000
2490.000000   1.000000
2491.000000   1.000000
2492.000000   1.000000
2493.000000   1.000000
2494.000000   1.000000
2495.000000   1.000000
2496.000000   1.000000
2497.000000   1.000000
2498.000000   1.000000
2499.000000   1.000000
