ReSCAL 1.6 (2016-10)
SNO model - simulation of snow surface under air flow
format of numerical values: C 
size of long: 8 bytes (64b)
size of cell: 8 byte(s)
graphical interface disabled
lattice gas enabled
support for periodic boundary conditions
args: snow_cone.par -cv0 -lc -h 20 -ls 45 -vel -vss -info -dpng 10t0 -nv -dcsp 10t0 -stop 300t0 
stop delay: 300t0

usage: rescal PARAMETERS_FILE [OPTIONS]
       rescal -h
       rescal -hm

GENERAL OPTIONS
  -h 		 display usage information
  -hm 		 display parameters of the compiled model
  -dcsp <f>t0 	 generation of a CSP file with delay in t0 unit (float value)
  -dcsphpp <f>t0 	 generation of CSP and HPP files with delay in t0 unit (float value)
  -dpng <f>t0	 generation of PNG images with delay in t0 unit (float value)
  -stop <n> 	 quit after <n> minutes
  -stop <f>t0 	 quit after running <f> t0 in simulated time
  -stoptime <f>t0 	 quit when simulated time reaches <f> t0
  -q 		 quit at the end of simulation
  -s <n> 	 random seed

GRAPHICAL OPTIONS
  -ch <val> 	 horizontal cross section of height <val>
  -cv0 		 centered vertical cross sections
  -cv <a>x<o> 	 vertical cross sections at abscissa <a> and ordinate <o>
  -lc 		 show cut lines
  -ls <angle> 	 surface rendering with ligth source elevation = <angle> degrees
  -al 		 height map
  -lal 		 low height map
  -tr <cel> 	 transparent cells of type <cel>
  -vel 		 view flow mean velocity on a vertical plan
  -vel2 	 view flow mean velocity and vector field on a vertical plan
  -vss 		 view shear stress
  -vss2 	 view renormalized shear stress between min and max thresholds

Please see README file for instructions (also see http://www.ipgp.fr/rescal).
deterministic execution
read parameters file : snow_cone.par
Model = SNO
Output_directory = ./out/
Csp_file = DUN.csp
H = 50
L = 200
D = 80
WARNING: unkown parameter - Csp_template
Boundary = OPEN
Time = 0.0
Phys_prop_file = real_data/sealevel_snow.prop
Qsat_file = real_data/PDF.data
Lambda_E = 4
Lambda_F = 0
Lambda_S = 0.00
Lambda_C = 2
Lambda_T = 30
Coef_A = 1.6
Coef_B = 1
Coef_C = 3
Prob_link_ET = 0.5
Prob_link_TT = 1.0
High_mobility = 1
Lambda_D = 0.06
Lambda_I = 0
Lambda_G = 1000#1000
Ava_mode = TRANS
Lambda_A = 1
Ava_angle = 38.0#35.0
Ava_h_lim = 1
Lgca_delay = 1.0
Init_ncycl = 150
Lgca_speedup = 1000
Tau_min = 200
Tau_max = 1000
read_parameters : 34 parametres lus
WARNING: parameter Bin_file not found
WARNING: parameter Seed not found
WARNING: parameter Lambda_D_mob not found
WARNING: parameter Use_lgca not found
WARNING: parameter Lambda_A_unstable not found
WARNING: parameter Ava_nb_cel not found
WARNING: parameter Ava_delay not found
WARNING: parameter Ava_duration not found
WARNING: parameter Ava_angle_unstable not found
WARNING: parameter Ava_upwind not found
WARNING: parameter Rot_mode not found
WARNING: parameter Rot_angle not found
WARNING: parameter Rot_delay not found
WARNING: parameter Rot_ncycl not found
WARNING: parameter Centering_delay not found
WARNING: parameter Wind_file not found
WARNING: parameter Hpp_file not found
WARNING: parameter Lgca_gfor not found
WARNING: parameter Lgca_reset not found

 Trying to write output to directory : ./out/datation des cellules (mode 'sedimento')
reading CSP metadata
size of header: 80
chunk MODL: SNO
chunk SIZE: 50 x 200 x 80
chunk CELL: 8
chunk TIME: 0.000000
size of cellular space with bounds (HxLxD): 52 x 202 x 82
allocation TE : 6.89 Mo
allocation RefDB_Type : 2.58 Mo
allocation RefDB_Ind : 10.34 Mo
total de la memoire allouee : 19.82 Mo
random seed: 273676
reading CSP data : DUN.csp
szcell = 8
csp_cell_size = 8
couloir : LN = 1   LS = 80   LNS = 80   nb_pv = 80
h_ceil = 1
h_floor = 1
transitions lentes sur le bord
decouplage des doublets horizontaux : passe 0
decouplage de la transition horizontale 16 [ GR, EAUC ] -> [ EAUC, GR ]
decouplage du doublet horizontal 21 [ GR , EAUC ] en un doublet est-ouest 14 et un doublet nord-sud 19
decouplage du doublet horizontal 22 [ EAUC , GR ] en un doublet est-ouest 6 et un doublet nord-sud 20
decouplage des liens contenant la transition 16
decouplage de la transition horizontale 17 [ EAUC, GR ] -> [ GR, EAUC ]
decouplage du doublet horizontal 22 [ EAUC , GR ] en un doublet est-ouest 6 et un doublet nord-sud 20
decouplage du doublet horizontal 21 [ GR , EAUC ] en un doublet est-ouest 14 et un doublet nord-sud 19
decouplage des liens contenant la transition 17
decouplage des doublets horizontaux : passe 1
nombre de transitions = 21
allocation db_pos : 2120192
total de la memoire allouee : 21.96 Mo
allocation alti : 33128
calcul des normales 2d et 3d
init_collisions
NB_MVT_VER = 1
NB_MVT_EO = 1
DIST_MVT_NS = 5
CLN = 0
CLS = 15
CH = 52
CLEO = 202
CLNS = 16
VSTEP_H = 5
VSTEP_L = 5
VSTEP_TIME = 50
VH = 11
VL = 41
forcage global du flux, intensite = 0.001000
brouillage flux sur le bord gauche
rebonds realistes PLAF_REAL
allocation CelMvt : 336128
allocation CelMvt2 : 336128
total de la memoire allouee : 23.00 Mo
reset lattice gas
speedup of the lattice gas: 1000
nb_mvt_in = 228296
rescal_init: end
abs_cv = 101
prof_cv = 41
rot_mode = 1
allocation image : 68072
total de la memoire allouee : 23.06 Mo
view_dump_init
nb_shades=2
nb_values=121
debut de la simulation ...
csp_time = 0.000000
stop_time = 300.500000
dump_delay_png = 10.000000 (t0)
dump_delay_csp = 10.000000 (t0)
time_threshold = -0.000000
dump_delay = 10.000000 (t0)
allocation csp_tmp (rotation) : 6.89 Mo
view_dump_png: writing file SNO00000_t0.png
write CSP: SNO00000_t0.csp, csp_time = 0.000000 (t0)
writing CSP data : SNO00000_t0.csp
header size: 80
simul_time_scale: read physical parameters file real_data/sealevel_snow.prop
kappa=0.400000
z_0=0.000240
z=12.000000
rhoair=1.293000
rhosand=900.000000
g=9.810000
d=0.000100
ut=0.082634
l_0=0.087007
simul_time_scale: read qsat data file real_data/PDF.data
number of rows: 501
ustar=0.103592
time_scale = 32721.1
lgca_delay = 1.000000
flow stabilization : 150 cycles
allocation Velx : 28864
allocation Vely : 28864
allocation Velx_time : 1.44 Mo
allocation Vely_time : 1.44 Mo
total de la memoire allouee : 32.90 Mo
allocation Velx_interp : 3.45 Mo
allocation Vely_interp : 3.45 Mo
total de la memoire allouee : 39.80 Mo
end of flow stabilization : meanvel = 656.229004   maxvel = 1357.249023
grdvc_min = 200.000000
grdvc = 339.312256
grdvc_max = 1000.000000
calcule_grad_vel : dist0_grdv = 0.000000   dist_grdv = 10.000000
calcul coef_cgv pour correction du pas de temps
check_ava : ava_h_lim = 1
check_ava : ava_angle = 38.000000
calcule_norm3d_cel_pente_max_interp : r = 3.000000   r0 = 2
view_dump_png: writing file SNO00001_t0.png
write CSP: SNO00001_t0.csp, csp_time = 10.000062 (t0)
writing CSP data : SNO00001_t0.csp
view_dump_png: writing file SNO00002_t0.png
write CSP: SNO00002_t0.csp, csp_time = 20.000008 (t0)
writing CSP data : SNO00002_t0.csp
view_dump_png: writing file SNO00003_t0.png
write CSP: SNO00003_t0.csp, csp_time = 30.000109 (t0)
writing CSP data : SNO00003_t0.csp
view_dump_png: writing file SNO00004_t0.png
write CSP: SNO00004_t0.csp, csp_time = 40.000055 (t0)
writing CSP data : SNO00004_t0.csp
view_dump_png: writing file SNO00005_t0.png
write CSP: SNO00005_t0.csp, csp_time = 50.000009 (t0)
writing CSP data : SNO00005_t0.csp
view_dump_png: writing file SNO00006_t0.png
write CSP: SNO00006_t0.csp, csp_time = 60.000107 (t0)
writing CSP data : SNO00006_t0.csp
view_dump_png: writing file SNO00007_t0.png
write CSP: SNO00007_t0.csp, csp_time = 70.000117 (t0)
writing CSP data : SNO00007_t0.csp
view_dump_png: writing file SNO00008_t0.png
write CSP: SNO00008_t0.csp, csp_time = 80.000042 (t0)
writing CSP data : SNO00008_t0.csp
view_dump_png: writing file SNO00009_t0.png
write CSP: SNO00009_t0.csp, csp_time = 90.000730 (t0)
writing CSP data : SNO00009_t0.csp
view_dump_png: writing file SNO00010_t0.png
write CSP: SNO00010_t0.csp, csp_time = 100.000754 (t0)
writing CSP data : SNO00010_t0.csp
csp_time = 100.000754
time spent in stochastic engine : 168.28 sec (99.7 %)
time spent in lattice gas : 0.45 sec (0.3 %)
view_dump_png: writing file SNO00011_t0.png
write CSP: SNO00011_t0.csp, csp_time = 110.000403 (t0)
writing CSP data : SNO00011_t0.csp
view_dump_png: writing file SNO00012_t0.png
write CSP: SNO00012_t0.csp, csp_time = 120.000162 (t0)
writing CSP data : SNO00012_t0.csp
view_dump_png: writing file SNO00013_t0.png
write CSP: SNO00013_t0.csp, csp_time = 130.000083 (t0)
writing CSP data : SNO00013_t0.csp
view_dump_png: writing file SNO00014_t0.png
write CSP: SNO00014_t0.csp, csp_time = 140.000945 (t0)
writing CSP data : SNO00014_t0.csp
view_dump_png: writing file SNO00015_t0.png
write CSP: SNO00015_t0.csp, csp_time = 150.000323 (t0)
writing CSP data : SNO00015_t0.csp
view_dump_png: writing file SNO00016_t0.png
write CSP: SNO00016_t0.csp, csp_time = 160.003434 (t0)
writing CSP data : SNO00016_t0.csp
view_dump_png: writing file SNO00017_t0.png
write CSP: SNO00017_t0.csp, csp_time = 170.000246 (t0)
writing CSP data : SNO00017_t0.csp
view_dump_png: writing file SNO00018_t0.png
write CSP: SNO00018_t0.csp, csp_time = 180.000849 (t0)
writing CSP data : SNO00018_t0.csp
