run_parallel_rescal.msub : starting to run ReSCAL in parallel
Looking for jobs to run under ../test_runs
Looking for jobs to run under ../test_runs
Looking for jobs to run under ../test_runs
Process 2 running in  ../test_runs/run_sno3
Process 1 running in  ../test_runs/run_sno2
Process 0 running in  ../test_runs/run_sno1
./run.run: line 12: ./clean: No such file or directory
./run.run: line 12: ./clean: No such file or directory
PAR_FILE=snow_cone.par
OMP_NUM_THREADS=1
PAR_FILE=snow_cone.par
OMP_NUM_THREADS=1
./run.run: line 12: ./clean: No such file or directory
PAR_FILE=snow_cone.par
OMP_NUM_THREADS=1
Cohesion is turned on, but still in development (KK, models.c) 
Sintering is turned on, but is still in development (KK, models.c) 
Cohesion is turned on, but still in development (KK, models.c) 
Sintering is turned on, but is still in development (KK, models.c) 
Cohesion is turned on, but still in development (KK, models.c) 
Sintering is turned on, but is still in development (KK, models.c) 
